/cliphomes/myuan/anaconda3/lib/python3.6/site-packages/h5py/__init__.py:36: FutureWarning: Conversion of the second argument of issubdtype from `float` to `np.floating` is deprecated. In future, it will be treated as `np.float64 == np.dtype(float).type`.
  from ._conv import register_converters as _register_converters
Using TensorFlow backend.
/cliphomes/myuan/anaconda3/lib/python3.6/site-packages/sklearn/utils/validation.py:475: DataConversionWarning: Data with input dtype uint8 was converted to float64 by MinMaxScaler.
  warnings.warn(msg, DataConversionWarning)
Epoch 5 train_acc: 0.8466401311168344, test_acc: 0.8474726189547075
Epoch 10 train_acc: 0.8591274486849294, test_acc: 0.8532740185748848
Epoch 15 train_acc: 0.8721350711516949, test_acc: 0.8565259241915762
Epoch 20 train_acc: 0.8832435807383127, test_acc: 0.8573063815395822
Epoch 25 train_acc: 0.8926090689143839, test_acc: 0.8628216134654908
Epoch 30 train_acc: 0.9009859777829808, test_acc: 0.8684148911262
Epoch 35 train_acc: 0.9096750695907801, test_acc: 0.8722651473763625
Epoch 40 train_acc: 0.9160227893545618, test_acc: 0.8699758058222118
Epoch 45 train_acc: 0.9206535029527303, test_acc: 0.8685449673508676
Epoch 50 train_acc: 0.9232550274460835, test_acc: 0.8702879887614142
Epoch 55 train_acc: 0.9280678477587867, test_acc: 0.8719789796820937
Epoch 60 train_acc: 0.9323343479278857, test_acc: 0.8719789796820937
Epoch 65 train_acc: 0.9359504669736466, test_acc: 0.869637607638076
Epoch 70 train_acc: 0.9394625250396732, test_acc: 0.8703920497411484
Epoch 75 train_acc: 0.9401649366528786, test_acc: 0.8717708577226254
Epoch 80 train_acc: 0.9447176045162465, test_acc: 0.8702359582715471
Epoch 85 train_acc: 0.9472670985197326, test_acc: 0.8674783423085929
Epoch 90 train_acc: 0.9473191290095996, test_acc: 0.8629516896901585
Epoch 95 train_acc: 0.9487759827258774, test_acc: 0.8618330341580166
Epoch 100 train_acc: 0.9510132937901611, test_acc: 0.8637321470381644
Epoch 105 train_acc: 0.9517677358932334, test_acc: 0.8628996592002913
Epoch 110 train_acc: 0.9549676110200578, test_acc: 0.8643565129165691
Epoch 115 train_acc: 0.954733473815656, test_acc: 0.8669840526548558
Epoch 120 train_acc: 0.9565805562059366, test_acc: 0.8692473789640729
Epoch 125 train_acc: 0.9558261141028643, test_acc: 0.8689091807799371
Epoch 130 train_acc: 0.9569968001248732, test_acc: 0.8697156533728765
Epoch 135 train_acc: 0.9582715471266162, test_acc: 0.8641744062020343
Epoch 140 train_acc: 0.961055178334504, test_acc: 0.871354613803689
Epoch 145 train_acc: 0.9600145685371628, test_acc: 0.8675303727984599
Epoch 150 train_acc: 0.9591820806992898, test_acc: 0.8649288483051067
Epoch 155 train_acc: 0.961055178334504, test_acc: 0.8673482660839252
Epoch 160 train_acc: 0.9619136814173106, test_acc: 0.8664897630011187
Epoch 165 train_acc: 0.9632144436639871, test_acc: 0.8677384947579282
Epoch 170 train_acc: 0.9623299253362471, test_acc: 0.8703140040063477
Epoch 175 train_acc: 0.9636306875829236, test_acc: 0.8695335466583418
Epoch 180 train_acc: 0.9641770077265277, test_acc: 0.8670100678997893
Epoch 185 train_acc: 0.9647493431150654, test_acc: 0.8700538515570124
Epoch 190 train_acc: 0.9655558157080049, test_acc: 0.8721090559067614
Epoch 195 train_acc: 0.9657639376674731, test_acc: 0.8708082936600848
Epoch 200 train_acc: 0.9655298004630714, test_acc: 0.8695075314134083
Epoch 205 train_acc: 0.9660240901168085, test_acc: 0.8708343089050183
Epoch 210 train_acc: 0.9650615260542678, test_acc: 0.86929940945394
Epoch 215 train_acc: 0.9652436327688025, test_acc: 0.8700538515570124
Epoch 220 train_acc: 0.964775358359999, test_acc: 0.8663076562865839
Epoch 225 train_acc: 0.9656858919326725, test_acc: 0.8666198392257863
Epoch 230 train_acc: 0.9676890657925544, test_acc: 0.8719529644371602
Epoch 235 train_acc: 0.968209370691225, test_acc: 0.8717708577226254
Epoch 240 train_acc: 0.965659876687739, test_acc: 0.8694034704336742
Epoch 245 train_acc: 0.9679752334868232, test_acc: 0.8705481412107495
Epoch 250 train_acc: 0.9657379224225396, test_acc: 0.8683368453913993
Epoch 255 train_acc: 0.9675850048128203, test_acc: 0.8674002965737923
Epoch 260 train_acc: 0.9669866541793491, test_acc: 0.8742683212362444
Epoch 265 train_acc: 0.968157340201358, test_acc: 0.8689351960248706
Epoch 270 train_acc: 0.9667525169749474, test_acc: 0.8692733942090065
Epoch 275 train_acc: 0.9662322120762767, test_acc: 0.8709383698847525
Epoch 280 train_acc: 0.9687556908348293, test_acc: 0.8743723822159786
Epoch 285 train_acc: 0.9676890657925544, test_acc: 0.8698977600874113
Epoch 290 train_acc: 0.9676110200577538, test_acc: 0.869689638127943
Epoch 295 train_acc: 0.967272821873618, test_acc: 0.8698717448424776
Epoch 300 train_acc: 0.9688597518145633, test_acc: 0.8697676838627436
Epoch 305 train_acc: 0.9668305627097479, test_acc: 0.8720570254168943
Epoch 310 train_acc: 0.9681833554462915, test_acc: 0.8728895132547673
Epoch 315 train_acc: 0.968209370691225, test_acc: 0.8682327844116652
Epoch 320 train_acc: 0.9683394469158927, test_acc: 0.8699497905772783
Epoch 325 train_acc: 0.9677150810374879, test_acc: 0.8714326595384896
Epoch 330 train_acc: 0.9686256146101615, test_acc: 0.8717448424776919
Epoch 335 train_acc: 0.9684955383854938, test_acc: 0.8703920497411484
Epoch 340 train_acc: 0.969432087203101, test_acc: 0.8704700954759489
Epoch 345 train_acc: 0.966492364525612, test_acc: 0.872629360805432
Epoch 350 train_acc: 0.9684174926506933, test_acc: 0.8700278363120789
Epoch 355 train_acc: 0.9679232029969562, test_acc: 0.8689612112698041
Epoch 360 train_acc: 0.9661021358516091, test_acc: 0.8726813912952991
Epoch 365 train_acc: 0.9699784073467052, test_acc: 0.8687270740654023
Epoch 370 train_acc: 0.9691979499986992, test_acc: 0.8720049949270272
Epoch 375 train_acc: 0.969432087203101, test_acc: 0.8717188272327584
Epoch 380 train_acc: 0.9684955383854938, test_acc: 0.8678685709825958
Epoch 385 train_acc: 0.9696402091625692, test_acc: 0.8735398943781055
Epoch 390 train_acc: 0.9674809438330861, test_acc: 0.8681287234319311
Epoch 395 train_acc: 0.9688597518145633, test_acc: 0.870131897291813
Epoch 400 train_acc: 0.9702905902859076, test_acc: 0.8706782174354172
Epoch 405 train_acc: 0.9700044225916387, test_acc: 0.8724992845807643
Epoch 410 train_acc: 0.969484117692968, test_acc: 0.8713806290486225
Epoch 415 train_acc: 0.9683654621608262, test_acc: 0.8712765680688884
Epoch 420 train_acc: 0.9686776451000286, test_acc: 0.8742683212362444
Epoch 425 train_acc: 0.9690418585290981, test_acc: 0.8719529644371602
Epoch 430 train_acc: 0.9695361481828352, test_acc: 0.8700018210671453
Epoch 435 train_acc: 0.9692759957334999, test_acc: 0.8716667967428914
Epoch 440 train_acc: 0.9700044225916387, test_acc: 0.8718749187023596
Epoch 445 train_acc: 0.9696662244075028, test_acc: 0.8700018210671453
Epoch 450 train_acc: 0.9689638127942974, test_acc: 0.8729675589895679
Epoch 455 train_acc: 0.9693800567132339, test_acc: 0.873071619969302
Epoch 460 train_acc: 0.9695361481828352, test_acc: 0.8717188272327584
Epoch 465 train_acc: 0.9693800567132339, test_acc: 0.8735398943781055
Epoch 470 train_acc: 0.97104503238898, test_acc: 0.870964385129686
Epoch 475 train_acc: 0.9704466817555087, test_acc: 0.8711464918442207
Epoch 480 train_acc: 0.968157340201358, test_acc: 0.8727074065402326
Epoch 485 train_acc: 0.9693020109784334, test_acc: 0.8690132417596712
Epoch 490 train_acc: 0.9710190171440464, test_acc: 0.8745544889305132
Epoch 495 train_acc: 0.9704726970004423, test_acc: 0.8712245375790213
Epoch 500 train_acc: 0.9686516298550951, test_acc: 0.8717448424776919
Epoch 505 train_acc: 0.9702905902859076, test_acc: 0.8714846900283566
Epoch 510 train_acc: 0.9694060719581675, test_acc: 0.8687270740654023
Epoch 515 train_acc: 0.9690938890189651, test_acc: 0.8713285985587554
Epoch 520 train_acc: 0.9709930018991129, test_acc: 0.8707562631702177
Epoch 525 train_acc: 0.9701344988163063, test_acc: 0.8690132417596712
Epoch 530 train_acc: 0.968209370691225, test_acc: 0.8704180649860819
Epoch 535 train_acc: 0.9706808189599105, test_acc: 0.8726553760503655
Epoch 540 train_acc: 0.9695101329379016, test_acc: 0.8694555009235412
Epoch 545 train_acc: 0.9719815812065871, test_acc: 0.8726033455604985
Epoch 550 train_acc: 0.9689638127942974, test_acc: 0.8709904003746195
Epoch 555 train_acc: 0.9709930018991129, test_acc: 0.8716667967428914
Epoch 560 train_acc: 0.9708369104295117, test_acc: 0.8714066442935561
Epoch 565 train_acc: 0.9700564530815058, test_acc: 0.8687791045552694
Epoch 570 train_acc: 0.9699784073467052, test_acc: 0.8672702203491246
Epoch 575 train_acc: 0.9699784073467052, test_acc: 0.8667759306953875
Epoch 580 train_acc: 0.9704466817555087, test_acc: 0.872187101641562
Epoch 585 train_acc: 0.9704206665105752, test_acc: 0.8721610863966284
Epoch 590 train_acc: 0.971149093368714, test_acc: 0.8715367205182237
Epoch 595 train_acc: 0.9709930018991129, test_acc: 0.8739301230521085
Epoch 600 train_acc: 0.9711230781237805, test_acc: 0.8702879887614142
Epoch 605 train_acc: 0.9714092458180493, test_acc: 0.8759072816670569
Epoch 610 train_acc: 0.9713832305731158, test_acc: 0.8724732693358308
Epoch 615 train_acc: 0.9712791695933817, test_acc: 0.8726033455604985
Epoch 620 train_acc: 0.9707588646947111, test_acc: 0.8711725070891543
Epoch 625 train_acc: 0.969822315877104, test_acc: 0.8739301230521085
Epoch 630 train_acc: 0.9713572153281823, test_acc: 0.8692733942090065
Epoch 635 train_acc: 0.9709669866541794, test_acc: 0.8691433179843389
Epoch 640 train_acc: 0.971539322042717, test_acc: 0.8720049949270272
Epoch 645 train_acc: 0.9707588646947111, test_acc: 0.873071619969302
Epoch 650 train_acc: 0.9700044225916387, test_acc: 0.8687270740654023
Epoch 655 train_acc: 0.969484117692968, test_acc: 0.8709904003746195
Epoch 660 train_acc: 0.9710710476339135, test_acc: 0.8730195894794349
Epoch 665 train_acc: 0.9706548037149769, test_acc: 0.8725252998256978
Epoch 670 train_acc: 0.9706287884700434, test_acc: 0.8711204765992872
Epoch 675 train_acc: 0.97104503238898, test_acc: 0.8723171778662296
Epoch 680 train_acc: 0.9717474440021853, test_acc: 0.8720049949270272
Epoch 685 train_acc: 0.9720856421863212, test_acc: 0.8720570254168943
Epoch 690 train_acc: 0.971149093368714, test_acc: 0.8716928119878249
Epoch 695 train_acc: 0.9704206665105752, test_acc: 0.8722651473763625
Epoch 700 train_acc: 0.9702905902859076, test_acc: 0.8715627357631572
Epoch 705 train_acc: 0.9704466817555087, test_acc: 0.8690132417596712
Epoch 710 train_acc: 0.9710190171440464, test_acc: 0.8694555009235412
Epoch 715 train_acc: 0.9710190171440464, test_acc: 0.8699497905772783
Epoch 720 train_acc: 0.9712271391035147, test_acc: 0.8697936991076771
Epoch 725 train_acc: 0.9705247274903093, test_acc: 0.871796872967559
Epoch 730 train_acc: 0.9711230781237805, test_acc: 0.8699758058222118
Epoch 735 train_acc: 0.9709669866541794, test_acc: 0.8678685709825958
Epoch 740 train_acc: 0.9709930018991129, test_acc: 0.8701058820468794
Epoch 745 train_acc: 0.97192955071672, test_acc: 0.8731496657041026
Epoch 750 train_acc: 0.9714612763079165, test_acc: 0.8719789796820937
Epoch 755 train_acc: 0.9721636879211217, test_acc: 0.873461848643305
Epoch 760 train_acc: 0.9711230781237805, test_acc: 0.8684929368610006
Epoch 765 train_acc: 0.969432087203101, test_acc: 0.8684148911262
Epoch 770 train_acc: 0.9717994744920524, test_acc: 0.8692213637191394
Epoch 775 train_acc: 0.9693280262233669, test_acc: 0.8656312599183121
Epoch 780 train_acc: 0.970212544551107, test_acc: 0.8691173027394052
Epoch 785 train_acc: 0.9718515049819194, test_acc: 0.8709904003746195
Epoch 790 train_acc: 0.9705507427352429, test_acc: 0.8660735190821821
Epoch 795 train_acc: 0.9718515049819194, test_acc: 0.8727854522750331
Epoch 800 train_acc: 0.9700824683264393, test_acc: 0.8711204765992872
Epoch 805 train_acc: 0.9708369104295117, test_acc: 0.8688051198002029
Epoch 810 train_acc: 0.9711230781237805, test_acc: 0.8720310101719607
Epoch 815 train_acc: 0.9722677489008559, test_acc: 0.8722651473763625
Epoch 820 train_acc: 0.9716693982673846, test_acc: 0.8699497905772783
Epoch 825 train_acc: 0.9709149561643123, test_acc: 0.8706522021904837
Epoch 830 train_acc: 0.9717474440021853, test_acc: 0.8700798668019459
Epoch 835 train_acc: 0.9713312000832488, test_acc: 0.8653711074689768
Epoch 840 train_acc: 0.9717474440021853, test_acc: 0.8735919248679727
Epoch 845 train_acc: 0.9707848799396447, test_acc: 0.8677124795129946
Epoch 850 train_acc: 0.9710710476339135, test_acc: 0.8716928119878249
Epoch 855 train_acc: 0.9717734592471188, test_acc: 0.8707822784151513
Epoch 860 train_acc: 0.9707328494497776, test_acc: 0.8694034704336742
Epoch 865 train_acc: 0.9725799318400583, test_acc: 0.86929940945394
Epoch 870 train_acc: 0.97148729155285, test_acc: 0.8711985223340878
Epoch 875 train_acc: 0.9710190171440464, test_acc: 0.8708603241499518
Epoch 880 train_acc: 0.9719555659616536, test_acc: 0.8671661593693905
Epoch 885 train_acc: 0.9709669866541794, test_acc: 0.8687791045552694
Epoch 890 train_acc: 0.9712271391035147, test_acc: 0.8694034704336742
Epoch 895 train_acc: 0.9726319623299253, test_acc: 0.8694555009235412
Epoch 900 train_acc: 0.9706027732251099, test_acc: 0.8689612112698041
Epoch 905 train_acc: 0.9712531543484482, test_acc: 0.8694294856786077
Epoch 910 train_acc: 0.9719555659616536, test_acc: 0.870912354639819
Epoch 915 train_acc: 0.9717214287572518, test_acc: 0.8693774551887407
Epoch 920 train_acc: 0.9709930018991129, test_acc: 0.8688831655350036
Epoch 925 train_acc: 0.9713312000832488, test_acc: 0.8707562631702177
Epoch 930 train_acc: 0.9723978251255235, test_acc: 0.8714066442935561
Epoch 935 train_acc: 0.9721376726761882, test_acc: 0.8703400192512812
Epoch 940 train_acc: 0.9704987122453758, test_acc: 0.8702099430266136
Epoch 945 train_acc: 0.9721897031660554, test_acc: 0.8713025833138219
Epoch 950 train_acc: 0.9725279013501912, test_acc: 0.8727334217851661
Epoch 955 train_acc: 0.9709409714092458, test_acc: 0.8665938239808528
Epoch 960 train_acc: 0.9724758708603242, test_acc: 0.8681547386768647
Epoch 965 train_acc: 0.970264575040974, test_acc: 0.8673222508389916
Epoch 970 train_acc: 0.97237180988059, test_acc: 0.8691693332292724
Epoch 975 train_acc: 0.9721636879211217, test_acc: 0.8697156533728765
Epoch 980 train_acc: 0.9718254897369859, test_acc: 0.8713025833138219
Epoch 985 train_acc: 0.9711751086136476, test_acc: 0.870131897291813
Epoch 990 train_acc: 0.9726839928197925, test_acc: 0.8709904003746195
Epoch 995 train_acc: 0.9722417336559224, test_acc: 0.8705481412107495
Epoch 1000 train_acc: 0.9716433830224511, test_acc: 0.8691173027394052
