/cliphomes/myuan/anaconda3/lib/python3.6/site-packages/h5py/__init__.py:36: FutureWarning: Conversion of the second argument of issubdtype from `float` to `np.floating` is deprecated. In future, it will be treated as `np.float64 == np.dtype(float).type`.
  from ._conv import register_converters as _register_converters
Using TensorFlow backend.
/cliphomes/myuan/anaconda3/lib/python3.6/site-packages/sklearn/utils/validation.py:475: DataConversionWarning: Data with input dtype uint8 was converted to float64 by MinMaxScaler.
  warnings.warn(msg, DataConversionWarning)
Epoch 5 train_acc: 0.842009417518666, test_acc: 0.8394339082702463
Epoch 10 train_acc: 0.8505424178568641, test_acc: 0.8454954603397591
Epoch 15 train_acc: 0.8597257993184005, test_acc: 0.8520773173079425
Epoch 20 train_acc: 0.8652150159993757, test_acc: 0.8546268113114285
Epoch 25 train_acc: 0.8700798668019459, test_acc: 0.8601420432373371
Epoch 30 train_acc: 0.876401571320794, test_acc: 0.862535445771222
Epoch 35 train_acc: 0.8812924373682979, test_acc: 0.8656572751632456
Epoch 40 train_acc: 0.8825931996149744, test_acc: 0.8694034704336742
Epoch 45 train_acc: 0.8881864772756836, test_acc: 0.873904107807175
Epoch 50 train_acc: 0.8907099560342361, test_acc: 0.8721350711516949
Epoch 55 train_acc: 0.8921668097505138, test_acc: 0.8729155284997008
Epoch 60 train_acc: 0.8942220141002628, test_acc: 0.8686230130856682
Epoch 65 train_acc: 0.8998413070059055, test_acc: 0.8678165404927287
Epoch 70 train_acc: 0.9033793803168657, test_acc: 0.8653190769791098
Epoch 75 train_acc: 0.9035354717864669, test_acc: 0.8674002965737923
Epoch 80 train_acc: 0.9033533650719322, test_acc: 0.8645126043861703
Epoch 85 train_acc: 0.9038216394807357, test_acc: 0.8683108301464658
Epoch 90 train_acc: 0.9020526028252556, test_acc: 0.8679206014724629
Epoch 95 train_acc: 0.9020265875803221, test_acc: 0.8687791045552694
Epoch 100 train_acc: 0.9047321730534092, test_acc: 0.8742423059913109
Epoch 105 train_acc: 0.9020786180701891, test_acc: 0.86974166861781
Epoch 110 train_acc: 0.9011680844975155, test_acc: 0.8776503030776035
Epoch 115 train_acc: 0.9008298863133797, test_acc: 0.876063373136658
Epoch 120 train_acc: 0.9031192278675304, test_acc: 0.880173781836156
Epoch 125 train_acc: 0.899529124066703, test_acc: 0.8807721324696272
Epoch 130 train_acc: 0.9018444808657874, test_acc: 0.8748146413798485
Epoch 135 train_acc: 0.898202346575093, test_acc: 0.8799396446317542
Epoch 140 train_acc: 0.9018184656208538, test_acc: 0.8858971357215328
Epoch 145 train_acc: 0.9013241759671168, test_acc: 0.8839720075964516
Epoch 150 train_acc: 0.8972657977574859, test_acc: 0.8876401571320794
Epoch 155 train_acc: 0.9018704961107209, test_acc: 0.883503733187648
Epoch 160 train_acc: 0.9014282369468508, test_acc: 0.8897994224615625
Epoch 165 train_acc: 0.9011160540076485, test_acc: 0.8932074195478551
Epoch 170 train_acc: 0.9028850906631286, test_acc: 0.8962512032050782
Epoch 175 train_acc: 0.901090038762715, test_acc: 0.8976039959416218
Epoch 180 train_acc: 0.9022607247847239, test_acc: 0.8957829287962746
Epoch 185 train_acc: 0.9022347095397903, test_acc: 0.8985145295142953
Epoch 190 train_acc: 0.9036655480111345, test_acc: 0.9019225266005879
Epoch 195 train_acc: 0.9038996852155363, test_acc: 0.8979421941257577
Epoch 200 train_acc: 0.904966310257811, test_acc: 0.9009079320481802
Epoch 205 train_acc: 0.9066573011784906, test_acc: 0.9007258253336455
Epoch 210 train_acc: 0.9070995603423606, test_acc: 0.8997112307812378
Epoch 215 train_acc: 0.9084783683238378, test_acc: 0.9043419443794063
Epoch 220 train_acc: 0.9080100939150342, test_acc: 0.9061630115247535
Epoch 225 train_acc: 0.9077239262207654, test_acc: 0.9040037461952705
Epoch 230 train_acc: 0.9087125055282396, test_acc: 0.9051224017274123
Epoch 235 train_acc: 0.9098571763053149, test_acc: 0.9050443559926117
Epoch 240 train_acc: 0.9112619995317256, test_acc: 0.9076718957308983
Epoch 245 train_acc: 0.909466947631312, test_acc: 0.9070475298524936
Epoch 250 train_acc: 0.9131090819220063, test_acc: 0.9059809048102188
Epoch 255 train_acc: 0.9135773563308098, test_acc: 0.9078800176903665
Epoch 260 train_acc: 0.9114701214911939, test_acc: 0.9047581882983429
Epoch 265 train_acc: 0.9125107312885351, test_acc: 0.9052784931970135
Epoch 270 train_acc: 0.9130310361872057, test_acc: 0.9033793803168657
Epoch 275 train_acc: 0.909909206795182, test_acc: 0.9015843284164521
Epoch 280 train_acc: 0.9118863654101304, test_acc: 0.9028850906631286
Epoch 285 train_acc: 0.9160227893545618, test_acc: 0.9031192278675304
Epoch 290 train_acc: 0.9123286245740003, test_acc: 0.9048362340331434
Epoch 295 train_acc: 0.9146699966180182, test_acc: 0.9060329353000859
Epoch 300 train_acc: 0.9101693592445173, test_acc: 0.9031712583573974
Epoch 305 train_acc: 0.9124326855537345, test_acc: 0.9045240510939411
Epoch 310 train_acc: 0.9114701214911939, test_acc: 0.9027289991935274
Epoch 315 train_acc: 0.912068472124665, test_acc: 0.901974557090455
Epoch 320 train_acc: 0.9125887770233356, test_acc: 0.904966310257811
Epoch 325 train_acc: 0.9120944873695986, test_acc: 0.9075938499960977
Epoch 330 train_acc: 0.9101173287546502, test_acc: 0.9069954993626265
Epoch 335 train_acc: 0.9134472801061422, test_acc: 0.9044460053591404
Epoch 340 train_acc: 0.9124847160436016, test_acc: 0.9020526028252556
Epoch 345 train_acc: 0.9146960118629517, test_acc: 0.909518978121179
Epoch 350 train_acc: 0.9151122557818882, test_acc: 0.9090507037123755
Epoch 355 train_acc: 0.9112880147766591, test_acc: 0.9081401701397018
Epoch 360 train_acc: 0.9121205026145321, test_acc: 0.9092588256718437
Epoch 365 train_acc: 0.9057727828507506, test_acc: 0.9075938499960977
Epoch 370 train_acc: 0.9130570514321392, test_acc: 0.9117042586955956
Epoch 375 train_acc: 0.9086604750383724, test_acc: 0.9089206274877077
Epoch 380 train_acc: 0.9117823044303962, test_acc: 0.9119123806550639
Epoch 385 train_acc: 0.9109238013475897, test_acc: 0.9080361091599677
Epoch 390 train_acc: 0.9108717708577226, test_acc: 0.9138895392700123
Epoch 395 train_acc: 0.9151382710268218, test_acc: 0.9082962616093031
Epoch 400 train_acc: 0.9115741824709279, test_acc: 0.913733447800411
Epoch 405 train_acc: 0.9142277374541481, test_acc: 0.9100132677749161
Epoch 410 train_acc: 0.9120424568797315, test_acc: 0.9148260880876193
Epoch 415 train_acc: 0.91578865215016, test_acc: 0.9117302739405292
Epoch 420 train_acc: 0.9154504539660241, test_acc: 0.9077759567106324
Epoch 425 train_acc: 0.9135773563308098, test_acc: 0.9147740575977523
Epoch 430 train_acc: 0.9173495668461719, test_acc: 0.9159707588646947
Epoch 435 train_acc: 0.9164910637633653, test_acc: 0.9098831915502484
Epoch 440 train_acc: 0.9138114935352116, test_acc: 0.9139675850048128
Epoch 445 train_acc: 0.9160227893545618, test_acc: 0.9091807799370432
Epoch 450 train_acc: 0.9157626369052264, test_acc: 0.9095449933661125
Epoch 455 train_acc: 0.9168032467025677, test_acc: 0.9126928380030698
Epoch 460 train_acc: 0.9187023595827155, test_acc: 0.9143838289237494
Epoch 465 train_acc: 0.9165951247430995, test_acc: 0.9145399203933505
Epoch 470 train_acc: 0.9184942376232472, test_acc: 0.9117823044303962
Epoch 475 train_acc: 0.9165430942532324, test_acc: 0.9133692343713417
Epoch 480 train_acc: 0.9177137802752413, test_acc: 0.9078800176903665
Epoch 485 train_acc: 0.9177137802752413, test_acc: 0.9122765940841333
Epoch 490 train_acc: 0.9179219022347095, test_acc: 0.9138635240250786
Epoch 495 train_acc: 0.9164650485184318, test_acc: 0.9142797679440152
Epoch 500 train_acc: 0.9181300241941778, test_acc: 0.9102213897343844
