/cliphomes/myuan/anaconda3/lib/python3.6/site-packages/h5py/__init__.py:36: FutureWarning: Conversion of the second argument of issubdtype from `float` to `np.floating` is deprecated. In future, it will be treated as `np.float64 == np.dtype(float).type`.
  from ._conv import register_converters as _register_converters
Using TensorFlow backend.
/cliphomes/myuan/anaconda3/lib/python3.6/site-packages/sklearn/utils/validation.py:475: DataConversionWarning: Data with input dtype uint8 was converted to float64 by MinMaxScaler.
  warnings.warn(msg, DataConversionWarning)
Epoch 5 train_acc: 0.8434402559900102, test_acc: 0.8414370821301282
Epoch 10 train_acc: 0.8540804911678244, test_acc: 0.8450532011758891
Epoch 15 train_acc: 0.8622752933218866, test_acc: 0.8553292229246339
Epoch 20 train_acc: 0.8698457295975441, test_acc: 0.8595176773589324
Epoch 25 train_acc: 0.8755430682379874, test_acc: 0.8547829027810296
Epoch 30 train_acc: 0.8847524649444575, test_acc: 0.8657613361429798
Epoch 35 train_acc: 0.8912042456879732, test_acc: 0.8638882385077655
Epoch 40 train_acc: 0.8950284866932022, test_acc: 0.862639506750956
Epoch 45 train_acc: 0.8988267124534978, test_acc: 0.8641223757121673
Epoch 50 train_acc: 0.9020526028252556, test_acc: 0.8608704700954759
Epoch 55 train_acc: 0.9044980358490076, test_acc: 0.8644605738963033
Epoch 60 train_acc: 0.9067353469132912, test_acc: 0.8681547386768647
Epoch 65 train_acc: 0.9084523530789043, test_acc: 0.8643825281615026
Epoch 70 train_acc: 0.9092848409167772, test_acc: 0.8714586747834231
Epoch 75 train_acc: 0.9094409323863785, test_acc: 0.8682327844116652
Epoch 80 train_acc: 0.9091547646921095, test_acc: 0.8694034704336742
Epoch 85 train_acc: 0.9126928380030698, test_acc: 0.8696636228830095
Epoch 90 train_acc: 0.9148000728426858, test_acc: 0.8707822784151513
Epoch 95 train_acc: 0.911183953796925, test_acc: 0.8690132417596712
Epoch 100 train_acc: 0.913291188636541, test_acc: 0.8721350711516949
Epoch 105 train_acc: 0.9144618746585499, test_acc: 0.8722911626212961
Epoch 110 train_acc: 0.9099352220401155, test_acc: 0.8715367205182237
Epoch 115 train_acc: 0.9094409323863785, test_acc: 0.8754910377481204
Epoch 120 train_acc: 0.9044199901142069, test_acc: 0.8748666718697157
Epoch 125 train_acc: 0.9009079320481802, test_acc: 0.8780925622414735
Epoch 130 train_acc: 0.9017924503759203, test_acc: 0.8768698457295976
Epoch 135 train_acc: 0.9032232888472645, test_acc: 0.8772340591586669
Epoch 140 train_acc: 0.9056687218710164, test_acc: 0.8768178152397305
Epoch 145 train_acc: 0.9087645360181066, test_acc: 0.8825671843700409
Epoch 150 train_acc: 0.9074637737714301, test_acc: 0.884388251515388
Epoch 155 train_acc: 0.9081661853846354, test_acc: 0.8862353339056688
Epoch 160 train_acc: 0.9052004474622128, test_acc: 0.885610968027264
Epoch 165 train_acc: 0.9064751944639559, test_acc: 0.8828533520643097
Epoch 170 train_acc: 0.9082962616093031, test_acc: 0.8848825411691251
Epoch 175 train_acc: 0.9059548895652852, test_acc: 0.881838757511902
Epoch 180 train_acc: 0.9052264627071464, test_acc: 0.8832695959832462
Epoch 185 train_acc: 0.9041078071750046, test_acc: 0.8862613491506023
Epoch 190 train_acc: 0.906189026769687, test_acc: 0.8920627487707796
Epoch 195 train_acc: 0.9075678347511642, test_acc: 0.8886287364395535
Epoch 200 train_acc: 0.9095449933661125, test_acc: 0.8913863524025079
Epoch 205 train_acc: 0.9078800176903665, test_acc: 0.8913863524025079
Epoch 210 train_acc: 0.9081401701397018, test_acc: 0.8921147792606468
Epoch 215 train_acc: 0.9094149171414448, test_acc: 0.8936496787117251
Epoch 220 train_acc: 0.9079060329353, test_acc: 0.8953666848773382
Epoch 225 train_acc: 0.906527224953823, test_acc: 0.8921928249954474
Epoch 230 train_acc: 0.9080881396498348, test_acc: 0.8933374957725227
Epoch 235 train_acc: 0.9080881396498348, test_acc: 0.8932074195478551
Epoch 240 train_acc: 0.9076198652410312, test_acc: 0.8933895262623898
Epoch 245 train_acc: 0.9085043835687713, test_acc: 0.8952105934077369
Epoch 250 train_acc: 0.9057207523608835, test_acc: 0.8958089440412081
Epoch 255 train_acc: 0.9080361091599677, test_acc: 0.8943000598350633
Epoch 260 train_acc: 0.9095710086110461, test_acc: 0.8972918130024194
Epoch 265 train_acc: 0.9089206274877077, test_acc: 0.89692759957335
Epoch 270 train_acc: 0.9075418195062307, test_acc: 0.9001274747001743
Epoch 275 train_acc: 0.9084003225890371, test_acc: 0.8973958739821536
Epoch 280 train_acc: 0.9078279872004995, test_acc: 0.8998933374957725
Epoch 285 train_acc: 0.9067873774031583, test_acc: 0.9007778558235126
Epoch 290 train_acc: 0.9093628866515778, test_acc: 0.9026249382137933
Epoch 295 train_acc: 0.9095449933661125, test_acc: 0.905746767605817
Epoch 300 train_acc: 0.9105595879185202, test_acc: 0.9026509534587268
Epoch 305 train_acc: 0.9092588256718437, test_acc: 0.9028850906631286
Epoch 310 train_acc: 0.9108197403678555, test_acc: 0.9040037461952705
Epoch 315 train_acc: 0.9114441062462603, test_acc: 0.9018965113556544
Epoch 320 train_acc: 0.9100392830198496, test_acc: 0.9044460053591404
Epoch 325 train_acc: 0.9115741824709279, test_acc: 0.9079840786701007
Epoch 330 train_acc: 0.9129529904524051, test_acc: 0.9006217643539114
Epoch 335 train_acc: 0.9137854782902781, test_acc: 0.9080100939150342
Epoch 340 train_acc: 0.910793725122922, test_acc: 0.9033533650719322
Epoch 345 train_acc: 0.9129009599625381, test_acc: 0.9021046333151227
Epoch 350 train_acc: 0.9129269752074716, test_acc: 0.9054085694216811
Epoch 355 train_acc: 0.9125367465334686, test_acc: 0.9025989229688598
Epoch 360 train_acc: 0.9145399203933505, test_acc: 0.9070475298524936
Epoch 365 train_acc: 0.9124326855537345, test_acc: 0.8976039959416218
Epoch 370 train_acc: 0.9147740575977523, test_acc: 0.904472020604074
Epoch 375 train_acc: 0.913291188636541, test_acc: 0.9058508285855511
Epoch 380 train_acc: 0.9139936002497463, test_acc: 0.8993990478420354
Epoch 385 train_acc: 0.9144098441686829, test_acc: 0.904472020604074
Epoch 390 train_acc: 0.91490413382242, test_acc: 0.904914279767944
Epoch 395 train_acc: 0.9148781185774864, test_acc: 0.902807044928328
Epoch 400 train_acc: 0.9137854782902781, test_acc: 0.9034834412965999
Epoch 405 train_acc: 0.91578865215016, test_acc: 0.9038216394807357
Epoch 410 train_acc: 0.9147740575977523, test_acc: 0.9058508285855511
Epoch 415 train_acc: 0.9157366216602929, test_acc: 0.9023908010093915
Epoch 420 train_acc: 0.9154764692109576, test_acc: 0.9057727828507506
Epoch 425 train_acc: 0.9172194906215042, test_acc: 0.9088425817529072
Epoch 430 train_acc: 0.9168552771924348, test_acc: 0.9037956242358022
Epoch 435 train_acc: 0.9166471552329665, test_acc: 0.906969484117693
Epoch 440 train_acc: 0.9147480423528187, test_acc: 0.9042378833996723
Epoch 445 train_acc: 0.9178178412549755, test_acc: 0.9064231639740888
Epoch 450 train_acc: 0.916178880824163, test_acc: 0.9037175785010015
Epoch 455 train_acc: 0.9150862405369546, test_acc: 0.904081791930071
Epoch 460 train_acc: 0.9178178412549755, test_acc: 0.9058768438304846
Epoch 465 train_acc: 0.9171414448867036, test_acc: 0.9056166913811493
Epoch 470 train_acc: 0.9194307864408543, test_acc: 0.910351465959052
Epoch 475 train_acc: 0.9137854782902781, test_acc: 0.9055646608912823
Epoch 480 train_acc: 0.9172715211113712, test_acc: 0.9072036213220948
Epoch 485 train_acc: 0.9170113686620359, test_acc: 0.906969484117693
Epoch 490 train_acc: 0.9195348474205884, test_acc: 0.9076718957308983
Epoch 495 train_acc: 0.9158666978849606, test_acc: 0.9072036213220948
Epoch 500 train_acc: 0.9174796430708395, test_acc: 0.908244231119436
Epoch 505 train_acc: 0.9185462681131142, test_acc: 0.9053825541767476
Epoch 510 train_acc: 0.9171414448867036, test_acc: 0.9048362340331434
Epoch 515 train_acc: 0.9179219022347095, test_acc: 0.9037696089908687
Epoch 520 train_acc: 0.9177397955201748, test_acc: 0.909518978121179
Epoch 525 train_acc: 0.917063399151903, test_acc: 0.9067613621582247
Epoch 530 train_acc: 0.9191966492364526, test_acc: 0.9086084445485054
Epoch 535 train_acc: 0.9195088321756549, test_acc: 0.9097531153255808
Epoch 540 train_acc: 0.9194828169307214, test_acc: 0.9062670725044877
Epoch 545 train_acc: 0.9204974114831291, test_acc: 0.9060589505450194
Epoch 550 train_acc: 0.9193267254611203, test_acc: 0.9050183407476782
Epoch 555 train_acc: 0.9184422071333802, test_acc: 0.9056947371159499
Epoch 560 train_acc: 0.9189625120320508, test_acc: 0.9073597127916959
Epoch 565 train_acc: 0.9182340851739119, test_acc: 0.9066833164234241
Epoch 570 train_acc: 0.919118603501652, test_acc: 0.9056947371159499
Epoch 575 train_acc: 0.9194828169307214, test_acc: 0.9084263378339708
Epoch 580 train_acc: 0.919170633991519, test_acc: 0.9045500663388746
Epoch 585 train_acc: 0.9193267254611203, test_acc: 0.9085043835687713
Epoch 590 train_acc: 0.9207575639324644, test_acc: 0.9093368714066443
Epoch 595 train_acc: 0.9194828169307214, test_acc: 0.9073857280366294
Epoch 600 train_acc: 0.9202892895236608, test_acc: 0.9095710086110461
Epoch 605 train_acc: 0.9189104815421837, test_acc: 0.902755014438461
Epoch 610 train_acc: 0.9195868779104556, test_acc: 0.9068654231379588
Epoch 615 train_acc: 0.9210177163817997, test_acc: 0.9090246884674419
Epoch 620 train_acc: 0.9222924633835428, test_acc: 0.9045760815838081
Epoch 625 train_acc: 0.9201331980540597, test_acc: 0.9088165665079737
Epoch 630 train_acc: 0.920341320013528, test_acc: 0.9087905512630401
Epoch 635 train_acc: 0.9204193657483285, test_acc: 0.9087645360181066
Epoch 640 train_acc: 0.9188844662972502, test_acc: 0.9060849657899529
Epoch 645 train_acc: 0.9202892895236608, test_acc: 0.904029761440204
Epoch 650 train_acc: 0.9190405577668513, test_acc: 0.9082702463643695
Epoch 655 train_acc: 0.9202892895236608, test_acc: 0.9092067951819767
Epoch 660 train_acc: 0.9215380212804704, test_acc: 0.9083482920991701
Epoch 665 train_acc: 0.920055152319259, test_acc: 0.911131923307058
Epoch 670 train_acc: 0.9215900517703374, test_acc: 0.9108977861026561
Epoch 675 train_acc: 0.9201852285439267, test_acc: 0.9081141548947683
Epoch 680 train_acc: 0.9221103566690081, test_acc: 0.9093108561617108
Epoch 685 train_acc: 0.920003121829392, test_acc: 0.9068914383828923
Epoch 690 train_acc: 0.9192226644813861, test_acc: 0.9100132677749161
Epoch 695 train_acc: 0.9166471552329665, test_acc: 0.9093628866515778
Epoch 700 train_acc: 0.9191966492364526, test_acc: 0.9107156793881215
Epoch 705 train_acc: 0.9214599755456697, test_acc: 0.9106116184083873
Epoch 710 train_acc: 0.9205234267280626, test_acc: 0.9062410572595541
Epoch 715 train_acc: 0.9214079450558027, test_acc: 0.9073076823018289
Epoch 720 train_acc: 0.9195088321756549, test_acc: 0.9075418195062307
Epoch 725 train_acc: 0.9221103566690081, test_acc: 0.9039517157054033
Epoch 730 train_acc: 0.9203673352584615, test_acc: 0.9086344597934389
Epoch 735 train_acc: 0.9183901766435131, test_acc: 0.9067093316683577
Epoch 740 train_acc: 0.9184161918884466, test_acc: 0.9073597127916959
Epoch 745 train_acc: 0.9202112437888603, test_acc: 0.9129269752074716
Epoch 750 train_acc: 0.9213819298108692, test_acc: 0.9125367465334686
Epoch 755 train_acc: 0.9193787559509873, test_acc: 0.9113920757563932
Epoch 760 train_acc: 0.9172975363563048, test_acc: 0.9092848409167772
Epoch 765 train_acc: 0.9196389084003226, test_acc: 0.9110018470823903
Epoch 770 train_acc: 0.921720127995005, test_acc: 0.9097531153255808
Epoch 775 train_acc: 0.9198990608496579, test_acc: 0.9122505788391998
Epoch 780 train_acc: 0.9211738078514009, test_acc: 0.912068472124665
Epoch 785 train_acc: 0.9183641613985796, test_acc: 0.9076458804859647
Epoch 790 train_acc: 0.9216420822602045, test_acc: 0.9108457556127891
Epoch 795 train_acc: 0.9202892895236608, test_acc: 0.9121985483493327
Epoch 800 train_acc: 0.9193527407060538, test_acc: 0.9095970238559796
Epoch 805 train_acc: 0.9201071828091262, test_acc: 0.9112619995317256
Epoch 810 train_acc: 0.9203153047685944, test_acc: 0.9115221519810609
Epoch 815 train_acc: 0.9190925882567185, test_acc: 0.9109238013475897
Epoch 820 train_acc: 0.9201071828091262, test_acc: 0.9109758318374568
Epoch 825 train_acc: 0.9185462681131142, test_acc: 0.9111059080621244
Epoch 830 train_acc: 0.9163870027836312, test_acc: 0.9101953744894509
Epoch 835 train_acc: 0.9168812924373683, test_acc: 0.9118863654101304
Epoch 840 train_acc: 0.9189104815421837, test_acc: 0.9123806550638675
Epoch 845 train_acc: 0.9182340851739119, test_acc: 0.9121465178594657
Epoch 850 train_acc: 0.9163089570488306, test_acc: 0.9108977861026561
Epoch 855 train_acc: 0.9149821795572205, test_acc: 0.9096750695907801
Epoch 860 train_acc: 0.9181040089492443, test_acc: 0.9133172038814745
Epoch 865 train_acc: 0.9175837040505737, test_acc: 0.9112359842867921
Epoch 870 train_acc: 0.9159187283748277, test_acc: 0.9122505788391998
Epoch 875 train_acc: 0.9183381461536461, test_acc: 0.9111579385519915
Epoch 880 train_acc: 0.9181560394391113, test_acc: 0.9124847160436016
Epoch 885 train_acc: 0.9171154296417701, test_acc: 0.9137854782902781
Epoch 890 train_acc: 0.9151903015166888, test_acc: 0.912406670308801
Epoch 895 train_acc: 0.9147480423528187, test_acc: 0.9117562891854627
Epoch 900 train_acc: 0.9138375087801451, test_acc: 0.9075678347511642
Epoch 905 train_acc: 0.9165170790082988, test_acc: 0.9133692343713417
Epoch 910 train_acc: 0.9162048960690965, test_acc: 0.9120944873695986
Epoch 915 train_acc: 0.9133692343713417, test_acc: 0.9118343349202632
Epoch 920 train_acc: 0.9162829418038971, test_acc: 0.9122245635942663
Epoch 925 train_acc: 0.9171414448867036, test_acc: 0.9140456307396134
Epoch 930 train_acc: 0.9165170790082988, test_acc: 0.9125107312885351
Epoch 935 train_acc: 0.9164910637633653, test_acc: 0.9114180910013268
Epoch 940 train_acc: 0.9140976612294804, test_acc: 0.9087905512630401
Epoch 945 train_acc: 0.9153984234761571, test_acc: 0.9113400452665262
Epoch 950 train_acc: 0.9131090819220063, test_acc: 0.9127968989828039
Epoch 955 train_acc: 0.9140456307396134, test_acc: 0.9108457556127891
Epoch 960 train_acc: 0.9142017222092146, test_acc: 0.911626212960795
Epoch 965 train_acc: 0.9155284997008247, test_acc: 0.9115221519810609
Epoch 970 train_acc: 0.9133952496162752, test_acc: 0.9110018470823903
Epoch 975 train_acc: 0.9149821795572205, test_acc: 0.9114701214911939
Epoch 980 train_acc: 0.9127708837378704, test_acc: 0.9124847160436016
Epoch 985 train_acc: 0.9146960118629517, test_acc: 0.9130310361872057
Epoch 990 train_acc: 0.9135253258409428, test_acc: 0.9136033715757433
Epoch 995 train_acc: 0.9138635240250786, test_acc: 0.9119123806550639
Epoch 1000 train_acc: 0.9082182158745025, test_acc: 0.9022867400296574
