/cliphomes/myuan/anaconda3/lib/python3.6/site-packages/h5py/__init__.py:36: FutureWarning: Conversion of the second argument of issubdtype from `float` to `np.floating` is deprecated. In future, it will be treated as `np.float64 == np.dtype(float).type`.
  from ._conv import register_converters as _register_converters
Using TensorFlow backend.
/cliphomes/myuan/anaconda3/lib/python3.6/site-packages/sklearn/utils/validation.py:475: DataConversionWarning: Data with input dtype uint8 was converted to float64 by MinMaxScaler.
  warnings.warn(msg, DataConversionWarning)
Epoch 5 train_acc: 0.8482790915476469, test_acc: 0.8471344207705716
Epoch 10 train_acc: 0.8630037201800255, test_acc: 0.8529098051458155
Epoch 15 train_acc: 0.8761934493613257, test_acc: 0.8642784671817685
Epoch 20 train_acc: 0.8903977730950337, test_acc: 0.8633939488540284
Epoch 25 train_acc: 0.9028590754181951, test_acc: 0.8591274486849294
Epoch 30 train_acc: 0.9123546398189339, test_acc: 0.8608704700954759
Epoch 35 train_acc: 0.922942844506881, test_acc: 0.861312729259346
Epoch 40 train_acc: 0.9317359972944145, test_acc: 0.8598038450532012
Epoch 45 train_acc: 0.9402950128775462, test_acc: 0.8621192018522854
Epoch 50 train_acc: 0.943807070943573, test_acc: 0.8623793543016207
Epoch 55 train_acc: 0.9473451442545332, test_acc: 0.8606883633809412
Epoch 60 train_acc: 0.9512214157496293, test_acc: 0.8585811285413252
Epoch 65 train_acc: 0.9507791565857593, test_acc: 0.8630817659148261
Epoch 70 train_acc: 0.9559301750825984, test_acc: 0.8625614610161555
Epoch 75 train_acc: 0.9578292879627461, test_acc: 0.8628216134654908
Epoch 80 train_acc: 0.9609511173547699, test_acc: 0.8612606987694789
Epoch 85 train_acc: 0.9596503551080934, test_acc: 0.8690132417596712
Epoch 90 train_acc: 0.9626681235203829, test_acc: 0.8666978849605869
Epoch 95 train_acc: 0.960170660006764, test_acc: 0.8672442051041911
Epoch 100 train_acc: 0.9599365228023622, test_acc: 0.8687791045552694
Epoch 105 train_acc: 0.9644631754207966, test_acc: 0.8637841775280314
Epoch 110 train_acc: 0.9634745961133224, test_acc: 0.8634980098337626
Epoch 115 train_acc: 0.96316241317412, test_acc: 0.856760061395978
Epoch 120 train_acc: 0.9641770077265277, test_acc: 0.8628476287104243
Epoch 125 train_acc: 0.9667004864850802, test_acc: 0.8641223757121673
Epoch 130 train_acc: 0.9661021358516091, test_acc: 0.8664897630011187
Epoch 135 train_acc: 0.9679752334868232, test_acc: 0.8656572751632456
Epoch 140 train_acc: 0.9681313249564245, test_acc: 0.8653971227139103
Epoch 145 train_acc: 0.9662582273212103, test_acc: 0.8619370951377507
Epoch 150 train_acc: 0.9665443950154791, test_acc: 0.8644605738963033
Epoch 155 train_acc: 0.9694581024480345, test_acc: 0.8647207263456386
Epoch 160 train_acc: 0.9685215536304275, test_acc: 0.8660995343271157
Epoch 165 train_acc: 0.9701084835713728, test_acc: 0.8676084185332605
Epoch 170 train_acc: 0.9654257394833372, test_acc: 0.8647987720804391
Epoch 175 train_acc: 0.9685735841202945, test_acc: 0.8638362080178985
Epoch 180 train_acc: 0.9709669866541794, test_acc: 0.8681807539217982
Epoch 185 train_acc: 0.9690678737740316, test_acc: 0.8698977600874113
Epoch 190 train_acc: 0.9701344988163063, test_acc: 0.8673482660839252
Epoch 195 train_acc: 0.9687036603449621, test_acc: 0.8609485158302765
Epoch 200 train_acc: 0.9712011238585812, test_acc: 0.8619631103826842
Epoch 205 train_acc: 0.9684955383854938, test_acc: 0.8627695829756237
Epoch 210 train_acc: 0.9693800567132339, test_acc: 0.8627695829756237
Epoch 215 train_acc: 0.971539322042717, test_acc: 0.8642264366919015
Epoch 220 train_acc: 0.9703686360207081, test_acc: 0.8610005463201436
Epoch 225 train_acc: 0.9711751086136476, test_acc: 0.8681027081869975
Epoch 230 train_acc: 0.9708889409193787, test_acc: 0.8614948359738807
Epoch 235 train_acc: 0.9713051848383153, test_acc: 0.8660995343271157
Epoch 240 train_acc: 0.9716173677775176, test_acc: 0.8651109550196415
Epoch 245 train_acc: 0.9709669866541794, test_acc: 0.8658653971227139
Epoch 250 train_acc: 0.9713312000832488, test_acc: 0.8677645100028617
Epoch 255 train_acc: 0.9706808189599105, test_acc: 0.8641744062020343
Epoch 260 train_acc: 0.9703166055308411, test_acc: 0.8588672962355941
Epoch 265 train_acc: 0.9719815812065871, test_acc: 0.8615728817086813
Epoch 270 train_acc: 0.9703166055308411, test_acc: 0.8620931866073519
Epoch 275 train_acc: 0.9738546788418013, test_acc: 0.863862223262832
Epoch 280 train_acc: 0.9725279013501912, test_acc: 0.8663857020213845
Epoch 285 train_acc: 0.9717214287572518, test_acc: 0.8647467415905721
Epoch 290 train_acc: 0.973594526392466, test_acc: 0.8685969978407346
Epoch 295 train_acc: 0.9715133067977835, test_acc: 0.8650329092848409
Epoch 300 train_acc: 0.9715133067977835, test_acc: 0.868024662452197
Epoch 305 train_acc: 0.9738286635968678, test_acc: 0.862977704935092
Epoch 310 train_acc: 0.9735164806576654, test_acc: 0.8679206014724629
Epoch 315 train_acc: 0.9716433830224511, test_acc: 0.8661515648169827
Epoch 320 train_acc: 0.9718254897369859, test_acc: 0.863029735424959
Epoch 325 train_acc: 0.9730482062488618, test_acc: 0.8663857020213845
Epoch 330 train_acc: 0.974921303884076, test_acc: 0.8641223757121673
Epoch 335 train_acc: 0.9727360233096595, test_acc: 0.8679986472072635
Epoch 340 train_acc: 0.9725018861052577, test_acc: 0.8632118421394938
Epoch 345 train_acc: 0.9751034105986108, test_acc: 0.8673222508389916
Epoch 350 train_acc: 0.9724498556153907, test_acc: 0.8651629855095085
Epoch 355 train_acc: 0.9727360233096595, test_acc: 0.8632898878742943
Epoch 360 train_acc: 0.9743749837404719, test_acc: 0.8651629855095085
Epoch 365 train_acc: 0.973646556882333, test_acc: 0.8683888758812665
Epoch 370 train_acc: 0.972319779390723, test_acc: 0.864252451936835
Epoch 375 train_acc: 0.9738286635968678, test_acc: 0.8671661593693905
Epoch 380 train_acc: 0.9751034105986108, test_acc: 0.8643565129165691
Epoch 385 train_acc: 0.9742709227607378, test_acc: 0.8674002965737923
Epoch 390 train_acc: 0.9733864044329977, test_acc: 0.8673742813288587
Epoch 395 train_acc: 0.973594526392466, test_acc: 0.866411717266318
Epoch 400 train_acc: 0.9738546788418013, test_acc: 0.8674002965737923
Epoch 405 train_acc: 0.9730742214937954, test_acc: 0.8611826530346783
Epoch 410 train_acc: 0.9730221910039283, test_acc: 0.8615988969536148
Epoch 415 train_acc: 0.9748432581492755, test_acc: 0.865527198938578
Epoch 420 train_acc: 0.9742449075158043, test_acc: 0.8636020708134967
Epoch 425 train_acc: 0.975701761232082, test_acc: 0.8630037201800255
Epoch 430 train_acc: 0.9737506178620672, test_acc: 0.8673222508389916
Epoch 435 train_acc: 0.9749993496188767, test_acc: 0.865084939774708
Epoch 440 train_acc: 0.9736725721272665, test_acc: 0.8593615858893312
Epoch 445 train_acc: 0.9736725721272665, test_acc: 0.8644605738963033
Epoch 450 train_acc: 0.974869273394209, test_acc: 0.865917427612581
Epoch 455 train_acc: 0.9733603891880642, test_acc: 0.8625614610161555
Epoch 460 train_acc: 0.9755456697624808, test_acc: 0.8662035953068498
Epoch 465 train_acc: 0.9748432581492755, test_acc: 0.8637841775280314
Epoch 470 train_acc: 0.9750773953536772, test_acc: 0.8586071437862588
Epoch 475 train_acc: 0.9746351361898072, test_acc: 0.8667239002055205
Epoch 480 train_acc: 0.9740888160462031, test_acc: 0.8670881136345898
Epoch 485 train_acc: 0.9745831056999401, test_acc: 0.8643304976716356
Epoch 490 train_acc: 0.9746611514347407, test_acc: 0.8674523270636593
Epoch 495 train_acc: 0.9738806940867348, test_acc: 0.863914253752699
Epoch 500 train_acc: 0.9742969380056713, test_acc: 0.8659694581024481
Epoch 505 train_acc: 0.9742709227607378, test_acc: 0.8628216134654908
Epoch 510 train_acc: 0.9738806940867348, test_acc: 0.8631077811597596
Epoch 515 train_acc: 0.9765082338250215, test_acc: 0.8638362080178985
Epoch 520 train_acc: 0.9746611514347407, test_acc: 0.8681027081869975
Epoch 525 train_acc: 0.9745831056999401, test_acc: 0.8656312599183121
Epoch 530 train_acc: 0.9750253648638102, test_acc: 0.8648247873253727
Epoch 535 train_acc: 0.974921303884076, test_acc: 0.8649288483051067
Epoch 540 train_acc: 0.9751814563334114, test_acc: 0.8625094305262884
Epoch 545 train_acc: 0.9747131819246079, test_acc: 0.864252451936835
Epoch 550 train_acc: 0.9750513801087437, test_acc: 0.8624313847914878
Epoch 555 train_acc: 0.9764041728452874, test_acc: 0.8635760555685632
Epoch 560 train_acc: 0.9745831056999401, test_acc: 0.8665417934909857
Epoch 565 train_acc: 0.9765082338250215, test_acc: 0.8634459793438956
Epoch 570 train_acc: 0.9743749837404719, test_acc: 0.8630037201800255
Epoch 575 train_acc: 0.9753895782928796, test_acc: 0.8635240250786961
Epoch 580 train_acc: 0.9750513801087437, test_acc: 0.861702957933349
Epoch 585 train_acc: 0.9755196545175473, test_acc: 0.8649548635500404
Epoch 590 train_acc: 0.9746611514347407, test_acc: 0.858425037071724
Epoch 595 train_acc: 0.974921303884076, test_acc: 0.8656052446733786
Epoch 600 train_acc: 0.9762740966206197, test_acc: 0.8674002965737923
Epoch 605 train_acc: 0.9732303129633966, test_acc: 0.8640443299773667
Epoch 610 train_acc: 0.9768464320091573, test_acc: 0.8639402689976327
Epoch 615 train_acc: 0.9758058222118161, test_acc: 0.8625614610161555
Epoch 620 train_acc: 0.9753375478030125, test_acc: 0.8651109550196415
Epoch 625 train_acc: 0.9748952886391425, test_acc: 0.867140144124457
Epoch 630 train_acc: 0.9758838679466167, test_acc: 0.8615988969536148
Epoch 635 train_acc: 0.9759879289263509, test_acc: 0.8643565129165691
Epoch 640 train_acc: 0.9759879289263509, test_acc: 0.8620411561174849
Epoch 645 train_acc: 0.9754416087827467, test_acc: 0.8626655219958896
Epoch 650 train_acc: 0.9761700356408856, test_acc: 0.8623013085668202
Epoch 655 train_acc: 0.9767944015192903, test_acc: 0.8599079060329353
Epoch 660 train_acc: 0.9756237154972814, test_acc: 0.8640183147324332
Epoch 665 train_acc: 0.974036785556336, test_acc: 0.863810192772965
Epoch 670 train_acc: 0.9763521423554202, test_acc: 0.8688311350451364
Epoch 675 train_acc: 0.9751554410884778, test_acc: 0.8668279611852545
Epoch 680 train_acc: 0.9753375478030125, test_acc: 0.862535445771222
Epoch 685 train_acc: 0.9768204167642238, test_acc: 0.8640703452223003
Epoch 690 train_acc: 0.9747131819246079, test_acc: 0.8623273238117537
Epoch 695 train_acc: 0.9753895782928796, test_acc: 0.861312729259346
Epoch 700 train_acc: 0.9753375478030125, test_acc: 0.8621712323421525
Epoch 705 train_acc: 0.9758058222118161, test_acc: 0.8650068940399074
Epoch 710 train_acc: 0.9731522672285959, test_acc: 0.8613387445042795
Epoch 715 train_acc: 0.9772886911730274, test_acc: 0.8636541013033637
Epoch 720 train_acc: 0.9771065844584926, test_acc: 0.8613907749941466
Epoch 725 train_acc: 0.9767163557844897, test_acc: 0.8636280860584302
Epoch 730 train_acc: 0.9767423710294233, test_acc: 0.860922500585343
Epoch 735 train_acc: 0.9747652124144749, test_acc: 0.8646947111007051
Epoch 740 train_acc: 0.9779130570514322, test_acc: 0.8612606987694789
Epoch 745 train_acc: 0.974921303884076, test_acc: 0.8623273238117537
Epoch 750 train_acc: 0.9771065844584926, test_acc: 0.8597257993184005
Epoch 755 train_acc: 0.9758318374567496, test_acc: 0.8647727568355056
Epoch 760 train_acc: 0.9776008741122297, test_acc: 0.8646166653659044
Epoch 765 train_acc: 0.9768204167642238, test_acc: 0.866411717266318
Epoch 770 train_acc: 0.9767683862743568, test_acc: 0.8674523270636593
Epoch 775 train_acc: 0.9771846301932933, test_acc: 0.866359686776451
Epoch 780 train_acc: 0.9757798069668826, test_acc: 0.8607403938708083
Epoch 785 train_acc: 0.9736725721272665, test_acc: 0.863914253752699
Epoch 790 train_acc: 0.9762480813756862, test_acc: 0.8612867140144125
Epoch 795 train_acc: 0.9761180051510185, test_acc: 0.8624574000364214
Epoch 800 train_acc: 0.9759879289263509, test_acc: 0.8678945862275294
Epoch 805 train_acc: 0.9751554410884778, test_acc: 0.8646166653659044
Epoch 810 train_acc: 0.9763001118655532, test_acc: 0.8649028330601732
Epoch 815 train_acc: 0.9774187673976951, test_acc: 0.8682327844116652
Epoch 820 train_acc: 0.9755977002523478, test_acc: 0.8663857020213845
Epoch 825 train_acc: 0.9777829808267645, test_acc: 0.8617289731782825
Epoch 830 train_acc: 0.9766122948047555, test_acc: 0.8623013085668202
Epoch 835 train_acc: 0.9755716850074143, test_acc: 0.8663336715315175
Epoch 840 train_acc: 0.976924477743958, test_acc: 0.8633939488540284
Epoch 845 train_acc: 0.9767163557844897, test_acc: 0.8637581622830979
Epoch 850 train_acc: 0.9753895782928796, test_acc: 0.8648508025703062
Epoch 855 train_acc: 0.9770805692135591, test_acc: 0.8656572751632456
Epoch 860 train_acc: 0.9766122948047555, test_acc: 0.8614688207289471
Epoch 865 train_acc: 0.9761960508858191, test_acc: 0.8646686958557714
Epoch 870 train_acc: 0.9752074715783449, test_acc: 0.865084939774708
Epoch 875 train_acc: 0.9766122948047555, test_acc: 0.8657873513879133
Epoch 880 train_acc: 0.9734384349228647, test_acc: 0.861702957933349
Epoch 885 train_acc: 0.9773147064179609, test_acc: 0.8647987720804391
Epoch 890 train_acc: 0.9773927521527616, test_acc: 0.8662296105517834
Epoch 895 train_acc: 0.976586279559822, test_acc: 0.863862223262832
Epoch 900 train_acc: 0.9756237154972814, test_acc: 0.8608704700954759
Epoch 905 train_acc: 0.9769504929888915, test_acc: 0.8620151408725513
Epoch 910 train_acc: 0.9770805692135591, test_acc: 0.8602461042170712
Epoch 915 train_acc: 0.9775748588672962, test_acc: 0.866411717266318
Epoch 920 train_acc: 0.9749733343739432, test_acc: 0.8666718697156534
Epoch 925 train_acc: 0.9758838679466167, test_acc: 0.8637321470381644
Epoch 930 train_acc: 0.9769504929888915, test_acc: 0.8660214885923151
Epoch 935 train_acc: 0.9775488436223627, test_acc: 0.8667239002055205
Epoch 940 train_acc: 0.9773147064179609, test_acc: 0.8687530893103359
Epoch 945 train_acc: 0.9772626759280939, test_acc: 0.8678945862275294
Epoch 950 train_acc: 0.9763001118655532, test_acc: 0.8626655219958896
Epoch 955 train_acc: 0.9765082338250215, test_acc: 0.8665678087359192
Epoch 960 train_acc: 0.9768204167642238, test_acc: 0.8648768178152397
Epoch 965 train_acc: 0.9766903405395562, test_acc: 0.8655011836936445
Epoch 970 train_acc: 0.9758058222118161, test_acc: 0.8666458544707198
Epoch 975 train_acc: 0.9766903405395562, test_acc: 0.8635500403236297
Epoch 980 train_acc: 0.9767944015192903, test_acc: 0.8598038450532012
Epoch 985 train_acc: 0.9760139441712844, test_acc: 0.8664637477561852
Epoch 990 train_acc: 0.9774968131324956, test_acc: 0.8652930617341762
Epoch 995 train_acc: 0.9767944015192903, test_acc: 0.8629256744452249
Epoch 1000 train_acc: 0.9780171180311663, test_acc: 0.863419964098962
