/cliphomes/myuan/anaconda3/lib/python3.6/site-packages/h5py/__init__.py:36: FutureWarning: Conversion of the second argument of issubdtype from `float` to `np.floating` is deprecated. In future, it will be treated as `np.float64 == np.dtype(float).type`.
  from ._conv import register_converters as _register_converters
Using TensorFlow backend.
/cliphomes/myuan/anaconda3/lib/python3.6/site-packages/sklearn/utils/validation.py:475: DataConversionWarning: Data with input dtype uint8 was converted to float64 by MinMaxScaler.
  warnings.warn(msg, DataConversionWarning)
Epoch 5 train_acc: 0.8382632222482375, test_acc: 0.8392778168006452
Epoch 10 train_acc: 0.8435703322146778, test_acc: 0.8427638596217384
Epoch 15 train_acc: 0.8468222378313692, test_acc: 0.8460677957282968
Epoch 20 train_acc: 0.8484611982621817, test_acc: 0.8482010458128463
Epoch 25 train_acc: 0.8524155154920784, test_acc: 0.8500221129581935
Epoch 30 train_acc: 0.8533000338198184, test_acc: 0.8533000338198184
Epoch 35 train_acc: 0.8556934363537033, test_acc: 0.8583209760919899
Epoch 40 train_acc: 0.8597257993184005, test_acc: 0.8577226254585187
Epoch 45 train_acc: 0.8610525768100107, test_acc: 0.8575925492338511
Epoch 50 train_acc: 0.8623793543016207, test_acc: 0.8594136163791982
Epoch 55 train_acc: 0.8641223757121673, test_acc: 0.8596737688285335
Epoch 60 train_acc: 0.8661255495720492, test_acc: 0.8632638726293608
Epoch 65 train_acc: 0.8671141288795234, test_acc: 0.8564478784567757
Epoch 70 train_acc: 0.8698197143526106, test_acc: 0.8648247873253727
Epoch 75 train_acc: 0.8733317724186374, test_acc: 0.8641483909571008
Epoch 80 train_acc: 0.8738000468274408, test_acc: 0.8637061317932309
Epoch 85 train_acc: 0.8777023335674705, test_acc: 0.8614167902390801
Epoch 90 train_acc: 0.8790811415489477, test_acc: 0.8610005463201436
Epoch 95 train_acc: 0.8765576627903952, test_acc: 0.8522334087775436
Epoch 100 train_acc: 0.8796014464476183, test_acc: 0.8552771924347667
Epoch 105 train_acc: 0.8804859647753583, test_acc: 0.8532480033299513
Epoch 110 train_acc: 0.8825671843700409, test_acc: 0.8530398813704831
Epoch 115 train_acc: 0.8833996722079138, test_acc: 0.8555893753739692
Epoch 120 train_acc: 0.8855329222924634, test_acc: 0.8525195764718125
Epoch 125 train_acc: 0.887666172377013, test_acc: 0.8481750305679128
Epoch 130 train_acc: 0.8882905382554177, test_acc: 0.8419053565389318
Epoch 135 train_acc: 0.8914123676474414, test_acc: 0.8414370821301282
Epoch 140 train_acc: 0.8910741694633055, test_acc: 0.8549650094955644
Epoch 145 train_acc: 0.8922448554853144, test_acc: 0.855433283904368
Epoch 150 train_acc: 0.8911522151981061, test_acc: 0.8509586617758006
Epoch 155 train_acc: 0.8943520903249305, test_acc: 0.839173755820911
Epoch 160 train_acc: 0.8927391451390515, test_acc: 0.8452353078904238
Epoch 165 train_acc: 0.8954967611020058, test_acc: 0.8324358073831265
Epoch 170 train_acc: 0.8959130050209423, test_acc: 0.8445328962772185
Epoch 175 train_acc: 0.8980722703504254, test_acc: 0.8455735060745597
Epoch 180 train_acc: 0.898540544759229, test_acc: 0.8337886001196702
Epoch 185 train_acc: 0.899919352740706, test_acc: 0.8476026951793751
Epoch 190 train_acc: 0.8997892765160383, test_acc: 0.8309529384219152
Epoch 195 train_acc: 0.9005177033741772, test_acc: 0.8363380941231562
Epoch 200 train_acc: 0.9028850906631286, test_acc: 0.8373526886755639
Epoch 205 train_acc: 0.903639532766201, test_acc: 0.8289497645620334
Epoch 210 train_acc: 0.9052784931970135, test_acc: 0.8440125913785478
Epoch 215 train_acc: 0.9072036213220948, test_acc: 0.8444288352974844
Epoch 220 train_acc: 0.9046020968287416, test_acc: 0.842451676682536
Epoch 225 train_acc: 0.9053305236868805, test_acc: 0.8397721064543823
Epoch 230 train_acc: 0.9063711334842217, test_acc: 0.8385493899425063
Epoch 235 train_acc: 0.9102213897343844, test_acc: 0.8224459533286506
Epoch 240 train_acc: 0.9092328104269102, test_acc: 0.8414110668851947
Epoch 245 train_acc: 0.9092328104269102, test_acc: 0.8314212128307188
Epoch 250 train_acc: 0.9100913135097167, test_acc: 0.8402403808631859
Epoch 255 train_acc: 0.9104295116938526, test_acc: 0.8483571372824475
Epoch 260 train_acc: 0.9092588256718437, test_acc: 0.8450532011758891
Epoch 265 train_acc: 0.9123286245740003, test_acc: 0.8263222248237467
Epoch 270 train_acc: 0.9133172038814745, test_acc: 0.8300944353391088
Epoch 275 train_acc: 0.9130310361872057, test_acc: 0.8356616977548844
Epoch 280 train_acc: 0.9127708837378704, test_acc: 0.8434662712349437
Epoch 285 train_acc: 0.9150862405369546, test_acc: 0.8332162647311324
Epoch 290 train_acc: 0.9147740575977523, test_acc: 0.8331382189963319
Epoch 295 train_acc: 0.9151382710268218, test_acc: 0.8356616977548844
Epoch 300 train_acc: 0.9160227893545618, test_acc: 0.8431540882957413
Epoch 305 train_acc: 0.9181560394391113, test_acc: 0.8380811155337028
Epoch 310 train_acc: 0.916178880824163, test_acc: 0.840838731496657
Epoch 315 train_acc: 0.9192226644813861, test_acc: 0.8304326335232446
Epoch 320 train_acc: 0.9191966492364526, test_acc: 0.8281172767241604
Epoch 325 train_acc: 0.9181300241941778, test_acc: 0.8339446915892713
Epoch 330 train_acc: 0.9180519784593772, test_acc: 0.8314992585655194
Epoch 335 train_acc: 0.9170373839069695, test_acc: 0.8370925362262286
Epoch 340 train_acc: 0.9197429693800567, test_acc: 0.8389396186165092
Epoch 345 train_acc: 0.9185462681131142, test_acc: 0.8364941855927573
Epoch 350 train_acc: 0.9208616249121986, test_acc: 0.8357397434896849
Epoch 355 train_acc: 0.9237493170998204, test_acc: 0.8392518015557117
Epoch 360 train_acc: 0.9225266005879446, test_acc: 0.8304326335232446
Epoch 365 train_acc: 0.9234631494055516, test_acc: 0.8309269231769817
Epoch 370 train_acc: 0.9224225396082104, test_acc: 0.829079840786701
Epoch 375 train_acc: 0.9226566768126122, test_acc: 0.8485132287520487
Epoch 380 train_acc: 0.9227347225474127, test_acc: 0.839173755820911
Epoch 385 train_acc: 0.9231509664663493, test_acc: 0.8380030697989022
Epoch 390 train_acc: 0.9241135305288899, test_acc: 0.8351674081011473
Epoch 395 train_acc: 0.9227607377923464, test_acc: 0.8318114415047217
Epoch 400 train_acc: 0.9238533780795546, test_acc: 0.8346991336923437
Epoch 405 train_acc: 0.9240615000390229, test_acc: 0.8201045812846328
Epoch 410 train_acc: 0.9221884024038086, test_acc: 0.8298082676448398
Epoch 415 train_acc: 0.9246598506724941, test_acc: 0.8347511641822107
Epoch 420 train_acc: 0.9245818049376935, test_acc: 0.8250995083118707
Epoch 425 train_acc: 0.9251801555711647, test_acc: 0.8371965972059627
Epoch 430 train_acc: 0.9263248263482401, test_acc: 0.8312911366060511
Epoch 435 train_acc: 0.9260906891438383, test_acc: 0.8341788287936731
Epoch 440 train_acc: 0.9261167043887718, test_acc: 0.8300684200941751
Epoch 445 train_acc: 0.927053253206379, test_acc: 0.8243710814537318
Epoch 450 train_acc: 0.9250240641015636, test_acc: 0.8333463409558001
Epoch 455 train_acc: 0.9281719087385207, test_acc: 0.8401623351283852
Epoch 460 train_acc: 0.9272613751658472, test_acc: 0.840396472332787
Epoch 465 train_acc: 0.9262467806134395, test_acc: 0.8373787039204974
Epoch 470 train_acc: 0.9258565519394365, test_acc: 0.8331122037513983
Epoch 475 train_acc: 0.925492338510367, test_acc: 0.8428158901116054
Epoch 480 train_acc: 0.9282499544733214, test_acc: 0.837456749655298
Epoch 485 train_acc: 0.9291865032909284, test_acc: 0.8345430422227426
Epoch 490 train_acc: 0.9278337105543849, test_acc: 0.8285335206430968
Epoch 495 train_acc: 0.9277296495746508, test_acc: 0.8382111917583704
Epoch 500 train_acc: 0.9279898020239861, test_acc: 0.832409792138193
Epoch 505 train_acc: 0.9309035094565415, test_acc: 0.8348031946720779
Epoch 510 train_acc: 0.9299669606389345, test_acc: 0.8354535757954161
Epoch 515 train_acc: 0.9301230521085356, test_acc: 0.8389656338614428
Epoch 520 train_acc: 0.9305392960274721, test_acc: 0.8333723562007336
Epoch 525 train_acc: 0.9295507167199979, test_acc: 0.8383152527381045
Epoch 530 train_acc: 0.9274694971253155, test_acc: 0.8392257863107782
Epoch 535 train_acc: 0.9272613751658472, test_acc: 0.8280652462342933
Epoch 540 train_acc: 0.9279898020239861, test_acc: 0.8378209630843675
Epoch 545 train_acc: 0.9298628996592003, test_acc: 0.8314992585655194
Epoch 550 train_acc: 0.9315799058248133, test_acc: 0.8334504019355342
Epoch 555 train_acc: 0.930877494211608, test_acc: 0.8341528135487396
Epoch 560 train_acc: 0.9311896771508104, test_acc: 0.8350373318764797
Epoch 565 train_acc: 0.9330367595410911, test_acc: 0.8280912614792268
Epoch 570 train_acc: 0.9317880277842816, test_acc: 0.8387054814121075
Epoch 575 train_acc: 0.9296287624547985, test_acc: 0.8318634719945889
Epoch 580 train_acc: 0.932932698561357, test_acc: 0.8369104295116938
Epoch 585 train_acc: 0.9333229272353599, test_acc: 0.8238247613101277
Epoch 590 train_acc: 0.9309555399464086, test_acc: 0.8339967220791383
Epoch 595 train_acc: 0.9319701344988163, test_acc: 0.8305887249928459
Epoch 600 train_acc: 0.9322563021930852, test_acc: 0.8288196883373657
Epoch 605 train_acc: 0.9327505918468222, test_acc: 0.8470823902807045
Epoch 610 train_acc: 0.9313977991102786, test_acc: 0.8310309841567158
Epoch 615 train_acc: 0.9311896771508104, test_acc: 0.8309009079320482
Epoch 620 train_acc: 0.9332188662556258, test_acc: 0.8246312339030673
Epoch 625 train_acc: 0.9310075704362757, test_acc: 0.835297484325815
Epoch 630 train_acc: 0.9317620125393481, test_acc: 0.8414891126199954
Epoch 635 train_acc: 0.932932698561357, test_acc: 0.8434662712349437
Epoch 640 train_acc: 0.9326725461120217, test_acc: 0.8422695699680013
Epoch 645 train_acc: 0.9335050339498946, test_acc: 0.84167121933453
Epoch 650 train_acc: 0.9343375217877676, test_acc: 0.8368063685319598
Epoch 655 train_acc: 0.9327505918468222, test_acc: 0.8306407554827129
Epoch 660 train_acc: 0.9336611254194959, test_acc: 0.8361299721636879
Epoch 665 train_acc: 0.9336351101745622, test_acc: 0.8324358073831265
Epoch 670 train_acc: 0.9335310491948282, test_acc: 0.843388225500143
Epoch 675 train_acc: 0.9331668357657588, test_acc: 0.8427898748666719
Epoch 680 train_acc: 0.9337391711542964, test_acc: 0.842893935846406
Epoch 685 train_acc: 0.9349098571763054, test_acc: 0.8409427924763911
Epoch 690 train_acc: 0.93509196389084, test_acc: 0.8437004084393455
Epoch 695 train_acc: 0.9339212778688312, test_acc: 0.8300424048492416
Epoch 700 train_acc: 0.9333489424802934, test_acc: 0.8385754051874399
Epoch 705 train_acc: 0.9340253388485653, test_acc: 0.8293660084809699
Epoch 710 train_acc: 0.9368349853013866, test_acc: 0.847550664689508
Epoch 715 train_acc: 0.9322302869481516, test_acc: 0.8286896121126981
Epoch 720 train_acc: 0.9343115065428341, test_acc: 0.8332682952209995
Epoch 725 train_acc: 0.9353781315851089, test_acc: 0.8394339082702463
Epoch 730 train_acc: 0.9348838419313718, test_acc: 0.8314472280756523
Epoch 735 train_acc: 0.9332969119904264, test_acc: 0.8408127162517235
Epoch 740 train_acc: 0.9355602382996436, test_acc: 0.8323317464033924
Epoch 745 train_acc: 0.9344936132573688, test_acc: 0.8441166523582819
Epoch 750 train_acc: 0.931709982049481, test_acc: 0.8331642342412654
Epoch 755 train_acc: 0.9362886651577824, test_acc: 0.8380811155337028
Epoch 760 train_acc: 0.9355602382996436, test_acc: 0.837014490491428
Epoch 765 train_acc: 0.9345716589921694, test_acc: 0.8374047191654309
Epoch 770 train_acc: 0.9357163297692448, test_acc: 0.8358177892244856
Epoch 775 train_acc: 0.9345716589921694, test_acc: 0.825697858945342
Epoch 780 train_acc: 0.93553422305471, test_acc: 0.8397460912094488
Epoch 785 train_acc: 0.9354041468300424, test_acc: 0.8421915242332007
Epoch 790 train_acc: 0.9360024974635136, test_acc: 0.8368063685319598
Epoch 795 train_acc: 0.9358203907489789, test_acc: 0.8447410182366867
Epoch 800 train_acc: 0.9366528785868519, test_acc: 0.8393818777803793
Epoch 805 train_acc: 0.9370691225057884, test_acc: 0.8362600483883555
Epoch 810 train_acc: 0.9340253388485653, test_acc: 0.8347511641822107
Epoch 815 train_acc: 0.9355862535445771, test_acc: 0.8296001456853717
Epoch 820 train_acc: 0.9357683602591118, test_acc: 0.8384973594526393
Epoch 825 train_acc: 0.9347537657067041, test_acc: 0.8418012955591977
Epoch 830 train_acc: 0.9353781315851089, test_acc: 0.8439865761336143
Epoch 835 train_acc: 0.9370170920159213, test_acc: 0.8329821275267306
Epoch 840 train_acc: 0.9374593511797914, test_acc: 0.8357137282447514
Epoch 845 train_acc: 0.93553422305471, test_acc: 0.842061448008533
Epoch 850 train_acc: 0.9349358724212389, test_acc: 0.8461978719529645
Epoch 855 train_acc: 0.936314680402716, test_acc: 0.8330341580165977
Epoch 860 train_acc: 0.9337912016441635, test_acc: 0.8262181638440126
Epoch 865 train_acc: 0.9379016103436614, test_acc: 0.8410988839459923
Epoch 870 train_acc: 0.9368870157912537, test_acc: 0.8448450792164208
Epoch 875 train_acc: 0.9370691225057884, test_acc: 0.8363641093680897
Epoch 880 train_acc: 0.9335050339498946, test_acc: 0.8351153776112802
Epoch 885 train_acc: 0.9375113816696584, test_acc: 0.8400062436587841
Epoch 890 train_acc: 0.9364447566273837, test_acc: 0.827414865110955
Epoch 895 train_acc: 0.9375113816696584, test_acc: 0.8307708317073805
Epoch 900 train_acc: 0.9381877780379302, test_acc: 0.8217175264705118
Epoch 905 train_acc: 0.9371211529956555, test_acc: 0.8309529384219152
Epoch 910 train_acc: 0.9367829548115195, test_acc: 0.8342048440386066
Epoch 915 train_acc: 0.9374593511797914, test_acc: 0.8392778168006452
Epoch 920 train_acc: 0.937095137750722, test_acc: 0.8388355576367752
Epoch 925 train_acc: 0.9364447566273837, test_acc: 0.8377689325945004
Epoch 930 train_acc: 0.9367829548115195, test_acc: 0.8392518015557117
Epoch 935 train_acc: 0.9374073206899243, test_acc: 0.8325918988527277
Epoch 940 train_acc: 0.9372252139753896, test_acc: 0.8301204505840423
Epoch 945 train_acc: 0.9375373969145919, test_acc: 0.8346471032024767
Epoch 950 train_acc: 0.9356382840344442, test_acc: 0.8364161398579567
Epoch 955 train_acc: 0.9372252139753896, test_acc: 0.8287936730924321
Epoch 960 train_acc: 0.9371731834855225, test_acc: 0.8312391061161841
Epoch 965 train_acc: 0.9377715341189937, test_acc: 0.8455735060745597
Epoch 970 train_acc: 0.936808970056453, test_acc: 0.8468222378313692
Epoch 975 train_acc: 0.9358203907489789, test_acc: 0.8457295975441609
Epoch 980 train_acc: 0.9357163297692448, test_acc: 0.8440386066234814
Epoch 985 train_acc: 0.9359244517287131, test_acc: 0.8370665209812951
Epoch 990 train_acc: 0.9370431072608548, test_acc: 0.8452873383802908
Epoch 995 train_acc: 0.9380056713233955, test_acc: 0.8382111917583704
Epoch 1000 train_acc: 0.9381617627929967, test_acc: 0.846275917687765
