/cliphomes/myuan/anaconda3/lib/python3.6/site-packages/h5py/__init__.py:36: FutureWarning: Conversion of the second argument of issubdtype from `float` to `np.floating` is deprecated. In future, it will be treated as `np.float64 == np.dtype(float).type`.
  from ._conv import register_converters as _register_converters
Using TensorFlow backend.
/cliphomes/myuan/anaconda3/lib/python3.6/site-packages/sklearn/utils/validation.py:475: DataConversionWarning: Data with input dtype uint8 was converted to float64 by MinMaxScaler.
  warnings.warn(msg, DataConversionWarning)
Epoch 5 train_acc: 0.8409427924763911, test_acc: 0.8397460912094488
Epoch 10 train_acc: 0.8486433049767164, test_acc: 0.8463279481776321
Epoch 15 train_acc: 0.8540804911678244, test_acc: 0.8534301100444861
Epoch 20 train_acc: 0.8564218632118421, test_acc: 0.857540518743984
Epoch 25 train_acc: 0.8577226254585187, test_acc: 0.8605582871562736
Epoch 30 train_acc: 0.8607143786258747, test_acc: 0.8628476287104243
Epoch 35 train_acc: 0.8631077811597596, test_acc: 0.8684409063711335
Epoch 40 train_acc: 0.8637841775280314, test_acc: 0.8702619735164806
Epoch 45 train_acc: 0.8670620983896563, test_acc: 0.8743723822159786
Epoch 50 train_acc: 0.8659694581024481, test_acc: 0.8746585499102474
Epoch 55 train_acc: 0.867192174614324, test_acc: 0.8761934493613257
Epoch 60 train_acc: 0.8712505528239548, test_acc: 0.8802518275709565
Epoch 65 train_acc: 0.8706782174354172, test_acc: 0.8797575379172194
Epoch 70 train_acc: 0.8717708577226254, test_acc: 0.8810583001638961
Epoch 75 train_acc: 0.8730195894794349, test_acc: 0.8809022086942948
Epoch 80 train_acc: 0.8723171778662296, test_acc: 0.8816566507973672
Epoch 85 train_acc: 0.8753609615234528, test_acc: 0.882228986185905
Epoch 90 train_acc: 0.8773641353833347, test_acc: 0.884778480189391
Epoch 95 train_acc: 0.8768178152397305, test_acc: 0.8859751814563334
Epoch 100 train_acc: 0.8766617237701293, test_acc: 0.8860792424360675
Epoch 105 train_acc: 0.8788209890996124, test_acc: 0.8858971357215328
Epoch 110 train_acc: 0.8786388823850777, test_acc: 0.8892791175628919
Epoch 115 train_acc: 0.8808761934493613, test_acc: 0.8886807669294207
Epoch 120 train_acc: 0.8788209890996124, test_acc: 0.8892010718280913
Epoch 125 train_acc: 0.8809542391841619, test_acc: 0.8912302609329067
Epoch 130 train_acc: 0.881448528837899, test_acc: 0.8894872395223601
Epoch 135 train_acc: 0.881838757511902, test_acc: 0.8920887640157132
Epoch 140 train_acc: 0.883165535003512, test_acc: 0.8929992975883868
Epoch 145 train_acc: 0.8831915502484455, test_acc: 0.8956788678165405
Epoch 150 train_acc: 0.8848825411691251, test_acc: 0.8961991727152111
Epoch 155 train_acc: 0.8855589375373969, test_acc: 0.8962251879601446
Epoch 160 train_acc: 0.8846484039647233, test_acc: 0.8964333099196129
Epoch 165 train_acc: 0.8867036083144723, test_acc: 0.8962772184500117
Epoch 170 train_acc: 0.8857670594968652, test_acc: 0.8958349592861417
Epoch 175 train_acc: 0.8879003095814147, test_acc: 0.8988527276984313
Epoch 180 train_acc: 0.8874060199276776, test_acc: 0.8985665600041625
Epoch 185 train_acc: 0.8876141418871458, test_acc: 0.8988527276984313
Epoch 190 train_acc: 0.8868336845391399, test_acc: 0.8993470173521684
Epoch 195 train_acc: 0.8869117302739405, test_acc: 0.9009599625380473
Epoch 200 train_acc: 0.888550690704753, test_acc: 0.9012461302323161
Epoch 205 train_acc: 0.8896693462368949, test_acc: 0.9020265875803221
Epoch 210 train_acc: 0.8884466297250189, test_acc: 0.8998413070059055
Epoch 215 train_acc: 0.8893051328078254, test_acc: 0.899477093576836
Epoch 220 train_acc: 0.8908660475038372, test_acc: 0.9012721454772497
Epoch 225 train_acc: 0.8894091937875596, test_acc: 0.9011160540076485
Epoch 230 train_acc: 0.8903977730950337, test_acc: 0.9021826790499232
Epoch 235 train_acc: 0.890215666380499, test_acc: 0.9025208772340592
Epoch 240 train_acc: 0.8911261999531725, test_acc: 0.9029891516428628
Epoch 245 train_acc: 0.8915164286271755, test_acc: 0.9034834412965999
Epoch 250 train_acc: 0.891490413382242, test_acc: 0.9027289991935274
Epoch 255 train_acc: 0.8913083066677073, test_acc: 0.9029111059080621
Epoch 260 train_acc: 0.8911782304430397, test_acc: 0.9038216394807357
Epoch 265 train_acc: 0.8920887640157132, test_acc: 0.9050183407476782
Epoch 270 train_acc: 0.8920887640157132, test_acc: 0.9045500663388746
Epoch 275 train_acc: 0.8937017092015921, test_acc: 0.9054866151564817
Epoch 280 train_acc: 0.8930253128333203, test_acc: 0.9060329353000859
Epoch 285 train_acc: 0.8937537396914592, test_acc: 0.9049402950128775
Epoch 290 train_acc: 0.893597648221858, test_acc: 0.9068914383828923
Epoch 295 train_acc: 0.8938838159161269, test_acc: 0.904914279767944
Epoch 300 train_acc: 0.8929732823434533, test_acc: 0.9056166913811493
Epoch 305 train_acc: 0.8949504409584016, test_acc: 0.9073597127916959
Epoch 310 train_acc: 0.8942480293451963, test_acc: 0.9075158042612971
Epoch 315 train_acc: 0.895314654387471, test_acc: 0.9071515908322277
Epoch 320 train_acc: 0.8960170660006764, test_acc: 0.9069954993626265
Epoch 325 train_acc: 0.895314654387471, test_acc: 0.9075158042612971
Epoch 330 train_acc: 0.8945341970394651, test_acc: 0.9077499414656989
Epoch 335 train_acc: 0.8954187153672052, test_acc: 0.9080621244049013
Epoch 340 train_acc: 0.8960430812456099, test_acc: 0.9079320481802337
Epoch 345 train_acc: 0.8974218892270871, test_acc: 0.9092067951819767
Epoch 350 train_acc: 0.8970576757980177, test_acc: 0.9078800176903665
Epoch 355 train_acc: 0.8950805171830692, test_acc: 0.9078279872004995
Epoch 360 train_acc: 0.8947943494888004, test_acc: 0.9089466427326414
Epoch 365 train_acc: 0.8954707458570722, test_acc: 0.9101173287546502
Epoch 370 train_acc: 0.8973438434922865, test_acc: 0.9099612372850491
Epoch 375 train_acc: 0.8962512032050782, test_acc: 0.9087645360181066
Epoch 380 train_acc: 0.8977080569213559, test_acc: 0.9103774812039855
Epoch 385 train_acc: 0.8972137672676188, test_acc: 0.9093368714066443
Epoch 390 train_acc: 0.8979161788808242, test_acc: 0.9096230391009131
Epoch 395 train_acc: 0.8966414318790812, test_acc: 0.9095449933661125
Epoch 400 train_acc: 0.8983064075548272, test_acc: 0.9106896641431879
Epoch 405 train_acc: 0.8978641483909571, test_acc: 0.9092848409167772
Epoch 410 train_acc: 0.8971357215328183, test_acc: 0.9105075574286532
Epoch 415 train_acc: 0.8970836910429512, test_acc: 0.9106376336533208
Epoch 420 train_acc: 0.8996852155363043, test_acc: 0.9115481672259944
Epoch 425 train_acc: 0.89825437706496, test_acc: 0.9118603501651968
Epoch 430 train_acc: 0.8989567886781654, test_acc: 0.9106376336533208
Epoch 435 train_acc: 0.9001014594552408, test_acc: 0.9125367465334686
Epoch 440 train_acc: 0.9001795051900414, test_acc: 0.9116522282057286
Epoch 445 train_acc: 0.8988527276984313, test_acc: 0.9109498165925232
Epoch 450 train_acc: 0.898202346575093, test_acc: 0.9113400452665262
Epoch 455 train_acc: 0.9003355966596426, test_acc: 0.9111579385519915
Epoch 460 train_acc: 0.9005437186191108, test_acc: 0.9116782434506621
Epoch 465 train_acc: 0.8987746819636306, test_acc: 0.912458700798668
Epoch 470 train_acc: 0.9000754442103073, test_acc: 0.9115221519810609
Epoch 475 train_acc: 0.8995551393116367, test_acc: 0.9130050209422722
Epoch 480 train_acc: 0.8996852155363043, test_acc: 0.9105595879185202
Epoch 485 train_acc: 0.9002575509248419, test_acc: 0.9129009599625381
Epoch 490 train_acc: 0.9020265875803221, test_acc: 0.9131611124118734
Epoch 495 train_acc: 0.8999713832305731, test_acc: 0.9125367465334686
Epoch 500 train_acc: 0.8990348344129659, test_acc: 0.9131350971669399
