/cliphomes/myuan/anaconda3/lib/python3.6/site-packages/h5py/__init__.py:36: FutureWarning: Conversion of the second argument of issubdtype from `float` to `np.floating` is deprecated. In future, it will be treated as `np.float64 == np.dtype(float).type`.
  from ._conv import register_converters as _register_converters
Using TensorFlow backend.
/cliphomes/myuan/anaconda3/lib/python3.6/site-packages/sklearn/utils/validation.py:475: DataConversionWarning: Data with input dtype uint8 was converted to float64 by MinMaxScaler.
  warnings.warn(msg, DataConversionWarning)
Traceback (most recent call last):
  File "model_adult.py", line 228, in <module>
    train_acc = train()
  File "model_adult.py", line 123, in train
    outputs = model(images)
  File "/cliphomes/myuan/anaconda3/lib/python3.6/site-packages/torch/nn/modules/module.py", line 477, in __call__
    result = self.forward(*input, **kwargs)
  File "model_adult.py", line 111, in forward
    out = self.nn(x)
  File "/cliphomes/myuan/anaconda3/lib/python3.6/site-packages/torch/nn/modules/module.py", line 477, in __call__
    result = self.forward(*input, **kwargs)
  File "/cliphomes/myuan/anaconda3/lib/python3.6/site-packages/torch/nn/modules/container.py", line 91, in forward
    input = module(input)
  File "/cliphomes/myuan/anaconda3/lib/python3.6/site-packages/torch/nn/modules/module.py", line 477, in __call__
    result = self.forward(*input, **kwargs)
  File "/cliphomes/myuan/anaconda3/lib/python3.6/site-packages/torch/nn/modules/linear.py", line 55, in forward
    return F.linear(input, self.weight, self.bias)
  File "/cliphomes/myuan/anaconda3/lib/python3.6/site-packages/torch/nn/functional.py", line 1024, in linear
    return torch.addmm(bias, input, weight.t())
RuntimeError: size mismatch, m1: [100 x 500], m2: [1000 x 500] at /pytorch/aten/src/THC/generic/THCTensorMathBlas.cu:249
