/cliphomes/myuan/anaconda3/lib/python3.6/site-packages/h5py/__init__.py:36: FutureWarning: Conversion of the second argument of issubdtype from `float` to `np.floating` is deprecated. In future, it will be treated as `np.float64 == np.dtype(float).type`.
  from ._conv import register_converters as _register_converters
Using TensorFlow backend.
/cliphomes/myuan/anaconda3/lib/python3.6/site-packages/sklearn/utils/validation.py:475: DataConversionWarning: Data with input dtype uint8 was converted to float64 by MinMaxScaler.
  warnings.warn(msg, DataConversionWarning)
Epoch 5 train_acc: 0.8439345456437473, test_acc: 0.8485132287520487
Epoch 10 train_acc: 0.8531959728400843, test_acc: 0.8501521891828612
Epoch 15 train_acc: 0.8621452170972189, test_acc: 0.8524935612268789
Epoch 20 train_acc: 0.8687530893103359, test_acc: 0.8613387445042795
Epoch 25 train_acc: 0.8766357085251958, test_acc: 0.8624574000364214
Epoch 30 train_acc: 0.8863654101303364, test_acc: 0.8673222508389916
Epoch 35 train_acc: 0.8932334347927886, test_acc: 0.8691173027394052
Epoch 40 train_acc: 0.8993470173521684, test_acc: 0.8756471292177216
Epoch 45 train_acc: 0.90657925544369, test_acc: 0.8742162907463774
Epoch 50 train_acc: 0.9143578136788157, test_acc: 0.8770259371991987
Epoch 55 train_acc: 0.9181560394391113, test_acc: 0.8781966232212076
Epoch 60 train_acc: 0.9217461432399386, test_acc: 0.8742943364811779
Epoch 65 train_acc: 0.9290824423111944, test_acc: 0.877728348812404
Epoch 70 train_acc: 0.9324123936626864, test_acc: 0.8756471292177216
Epoch 75 train_acc: 0.9364967871172507, test_acc: 0.8782226384661411
Epoch 80 train_acc: 0.9377715341189937, test_acc: 0.8729935742345014
Epoch 85 train_acc: 0.9412055464502198, test_acc: 0.876011342646791
Epoch 90 train_acc: 0.9436249642290382, test_acc: 0.8763235255859934
Epoch 95 train_acc: 0.9449517417206483, test_acc: 0.8788470043445459
Epoch 100 train_acc: 0.9444314368219777, test_acc: 0.8729935742345014
Epoch 105 train_acc: 0.9498686230130857, test_acc: 0.8769739067093316
Epoch 110 train_acc: 0.9504929888914904, test_acc: 0.8774421811181352
Epoch 115 train_acc: 0.9451598636801165, test_acc: 0.8730456047243684
Epoch 120 train_acc: 0.9475012357241344, test_acc: 0.8752048700538515
Epoch 125 train_acc: 0.954343245141653, test_acc: 0.8758552511771899
Epoch 130 train_acc: 0.9536928640183148, test_acc: 0.871354613803689
Epoch 135 train_acc: 0.956450479981269, test_acc: 0.8769218762194646
Epoch 140 train_acc: 0.9498946382580192, test_acc: 0.8736439553578397
Epoch 145 train_acc: 0.9561122817971331, test_acc: 0.8765316475454616
Epoch 150 train_acc: 0.9562423580218008, test_acc: 0.8742683212362444
Epoch 155 train_acc: 0.9548895652852571, test_acc: 0.8762454798511928
Epoch 160 train_acc: 0.9588178672702203, test_acc: 0.8735398943781055
Epoch 165 train_acc: 0.953458726813913, test_acc: 0.8681287234319311
Epoch 170 train_acc: 0.9570748458596737, test_acc: 0.8720310101719607
Epoch 175 train_acc: 0.9585316995759515, test_acc: 0.8735398943781055
Epoch 180 train_acc: 0.9562163427768673, test_acc: 0.8714846900283566
Epoch 185 train_acc: 0.9527302999557741, test_acc: 0.8709904003746195
Epoch 190 train_acc: 0.9624079710710476, test_acc: 0.8743203517261116
Epoch 195 train_acc: 0.9617315747027758, test_acc: 0.8750747938291839
Epoch 200 train_acc: 0.9565805562059366, test_acc: 0.8743463669710451
Epoch 205 train_acc: 0.9498426077681521, test_acc: 0.8707562631702177
Epoch 210 train_acc: 0.9584276385962174, test_acc: 0.8686230130856682
Epoch 215 train_acc: 0.9528343609355082, test_acc: 0.8690912874944717
Epoch 220 train_acc: 0.9568927391451391, test_acc: 0.8741382450115768
Epoch 225 train_acc: 0.9625900777855824, test_acc: 0.8756471292177216
Epoch 230 train_acc: 0.9564764952262026, test_acc: 0.871796872967559
Epoch 235 train_acc: 0.9644891906657301, test_acc: 0.8726813912952991
Epoch 240 train_acc: 0.9638127942974584, test_acc: 0.8734098181534379
Epoch 245 train_acc: 0.9590780197195556, test_acc: 0.8682067691667317
Epoch 250 train_acc: 0.9555139311636619, test_acc: 0.8715107052732901
Epoch 255 train_acc: 0.956840708655272, test_acc: 0.8753609615234528
Epoch 260 train_acc: 0.956008220817399, test_acc: 0.8698717448424776
Epoch 265 train_acc: 0.9285361221675902, test_acc: 0.8614688207289471
Epoch 270 train_acc: 0.9540570774473842, test_acc: 0.8708863393948854
Epoch 275 train_acc: 0.9605608886807669, test_acc: 0.8698197143526106
Epoch 280 train_acc: 0.9653476937485367, test_acc: 0.8727594370300996
Epoch 285 train_acc: 0.9351179791357735, test_acc: 0.8610525768100107
Epoch 290 train_acc: 0.9227347225474127, test_acc: 0.8559015583131715
Epoch 295 train_acc: 0.9573610135539427, test_acc: 0.8678685709825958
Epoch 300 train_acc: 0.9617836051926429, test_acc: 0.8685969978407346
Epoch 305 train_acc: 0.9502848669320222, test_acc: 0.8689351960248706
Epoch 310 train_acc: 0.9099872525299826, test_acc: 0.8592315096646634
Epoch 315 train_acc: 0.84122896017066, test_acc: 0.7974973334373943
Epoch 320 train_acc: 0.8497879757537917, test_acc: 0.8389916491063764
Epoch 325 train_acc: 0.8459897499934962, test_acc: 0.8356877129998179
Epoch 330 train_acc: 0.24805536044121856, test_acc: 0.24828949764562033
Epoch 335 train_acc: 0.24865371107468978, test_acc: 0.2487577720544239
Epoch 340 train_acc: 0.24961627513723042, test_acc: 0.2495382294024298
Epoch 345 train_acc: 0.7462473009183381, test_acc: 0.754520148807201
Epoch 350 train_acc: 0.7914617966128151, test_acc: 0.7888862873643956
Epoch 355 train_acc: 0.8050677697130518, test_acc: 0.8047035562839824
Epoch 360 train_acc: 0.772054423892401, test_acc: 0.7829027810296834
Epoch 365 train_acc: 0.7979135773563308, test_acc: 0.7978355316215302
Epoch 370 train_acc: 0.8187257733031557, test_acc: 0.8207289471630376
Epoch 375 train_acc: 0.8129503889279117, test_acc: 0.8090220869429485
Epoch 380 train_acc: 0.8192460782018263, test_acc: 0.8192720934467598
Epoch 385 train_acc: 0.8258799656598766, test_acc: 0.8284814901532298
Epoch 390 train_acc: 0.828195322458961, test_acc: 0.8297822523999063
Epoch 395 train_acc: 0.8296261609303052, test_acc: 0.8321236244439242
Epoch 400 train_acc: 0.8303285725435104, test_acc: 0.8320976091989906
Epoch 405 train_acc: 0.8284554749082963, test_acc: 0.829470069460704
Epoch 410 train_acc: 0.8258799656598766, test_acc: 0.825749889435209
Epoch 415 train_acc: 0.8223939228387835, test_acc: 0.8225239990634512
Epoch 420 train_acc: 0.8190639714872916, test_acc: 0.8237727308202607
Epoch 425 train_acc: 0.8251775540466714, test_acc: 0.8265303467832149
Epoch 430 train_acc: 0.825645828455475, test_acc: 0.8270506516818856
Epoch 435 train_acc: 0.8266604230078827, test_acc: 0.8287676578474986
Epoch 440 train_acc: 0.8264523010484144, test_acc: 0.8284034444184292
Epoch 445 train_acc: 0.8262962095788132, test_acc: 0.8260620723744114
Epoch 450 train_acc: 0.8259840266396108, test_acc: 0.810218788209891
Epoch 455 train_acc: 0.8195582611410286, test_acc: 0.8187517885480892
Epoch 460 train_acc: 0.8206769166731704, test_acc: 0.8137828767657848
Epoch 465 train_acc: 0.8242670204739978, test_acc: 0.8241629594942637
Epoch 470 train_acc: 0.8228882124925206, test_acc: 0.8255157522308072
Epoch 475 train_acc: 0.8242410052290642, test_acc: 0.8268425297224173
Epoch 480 train_acc: 0.8019979708108952, test_acc: 0.8079034314108068
Epoch 485 train_acc: 0.8022581232602305, test_acc: 0.8079034314108068
Epoch 490 train_acc: 0.802284138505164, test_acc: 0.8079034314108068
Epoch 495 train_acc: 0.8052498764275866, test_acc: 0.810609016883894
Epoch 500 train_acc: 0.7624287832669945, test_acc: 0.7645100028616769
