/cliphomes/myuan/anaconda3/lib/python3.6/site-packages/h5py/__init__.py:36: FutureWarning: Conversion of the second argument of issubdtype from `float` to `np.floating` is deprecated. In future, it will be treated as `np.float64 == np.dtype(float).type`.
  from ._conv import register_converters as _register_converters
Using TensorFlow backend.
/cliphomes/myuan/anaconda3/lib/python3.6/site-packages/sklearn/utils/validation.py:475: DataConversionWarning: Data with input dtype uint8 was converted to float64 by MinMaxScaler.
  warnings.warn(msg, DataConversionWarning)
Epoch 5 train_acc: 0.8428419053565389, test_acc: 0.8389396186165092
Epoch 10 train_acc: 0.8520773173079425, test_acc: 0.8461978719529645
Epoch 15 train_acc: 0.85876323525586, test_acc: 0.8531699575951508
Epoch 20 train_acc: 0.8653971227139103, test_acc: 0.855433283904368
Epoch 25 train_acc: 0.871848903457426, test_acc: 0.8598558755430682
Epoch 30 train_acc: 0.8769478914643981, test_acc: 0.8608704700954759
Epoch 35 train_acc: 0.8803558885506907, test_acc: 0.8607143786258747
Epoch 40 train_acc: 0.8848044954343245, test_acc: 0.8627955982205573
Epoch 45 train_acc: 0.887666172377013, test_acc: 0.8651109550196415
Epoch 50 train_acc: 0.8903717578501001, test_acc: 0.8633419183641614
Epoch 55 train_acc: 0.8905278493197013, test_acc: 0.8657093056531128
Epoch 60 train_acc: 0.8925570384245167, test_acc: 0.8653190769791098
Epoch 65 train_acc: 0.8929472670985197, test_acc: 0.8657353208980463
Epoch 70 train_acc: 0.8935456177319909, test_acc: 0.8665417934909857
Epoch 75 train_acc: 0.8950024714482687, test_acc: 0.86929940945394
Epoch 80 train_acc: 0.8934415567522568, test_acc: 0.8691693332292724
Epoch 85 train_acc: 0.8917245505866438, test_acc: 0.8688311350451364
Epoch 90 train_acc: 0.8941959988553292, test_acc: 0.8701839277816801
Epoch 95 train_acc: 0.8933374957725227, test_acc: 0.8736959858477068
Epoch 100 train_acc: 0.8953666848773382, test_acc: 0.8784047451806759
Epoch 105 train_acc: 0.893155389057988, test_acc: 0.8769218762194646
Epoch 110 train_acc: 0.894430136059731, test_acc: 0.8808761934493613
Epoch 115 train_acc: 0.8947683342438669, test_acc: 0.8795754312026848
Epoch 120 train_acc: 0.8949764562033351, test_acc: 0.8796274616925518
Epoch 125 train_acc: 0.8951065324280028, test_acc: 0.8814745440828325
Epoch 130 train_acc: 0.8960690964905434, test_acc: 0.8839459923515179
Epoch 135 train_acc: 0.8959390202658758, test_acc: 0.8850646478836598
Epoch 140 train_acc: 0.8963292489398788, test_acc: 0.8853768308228622
Epoch 145 train_acc: 0.8971097062878847, test_acc: 0.8868336845391399
Epoch 150 train_acc: 0.8956008220817399, test_acc: 0.8866255625796717
Epoch 155 train_acc: 0.8960170660006764, test_acc: 0.8878222638466141
Epoch 160 train_acc: 0.8972918130024194, test_acc: 0.8869897760087411
Epoch 165 train_acc: 0.8969015843284165, test_acc: 0.8878222638466141
Epoch 170 train_acc: 0.8992429563724342, test_acc: 0.8896693462368949
Epoch 175 train_acc: 0.8992689716173677, test_acc: 0.8913343219126408
Epoch 180 train_acc: 0.8988527276984313, test_acc: 0.8903977730950337
Epoch 185 train_acc: 0.8988527276984313, test_acc: 0.8908920627487708
Epoch 190 train_acc: 0.8990868649028331, test_acc: 0.8904237883399673
Epoch 195 train_acc: 0.8990348344129659, test_acc: 0.8929732823434533
Epoch 200 train_acc: 0.8999973984755066, test_acc: 0.8941959988553292
Epoch 205 train_acc: 0.8998413070059055, test_acc: 0.8954707458570722
Epoch 210 train_acc: 0.899425063086969, test_acc: 0.8953927001222717
Epoch 215 train_acc: 0.9005697338640444, test_acc: 0.8961471422253441
Epoch 220 train_acc: 0.8999973984755066, test_acc: 0.8951325476729364
Epoch 225 train_acc: 0.9003876271495096, test_acc: 0.8959390202658758
Epoch 230 train_acc: 0.9001014594552408, test_acc: 0.8954707458570722
Epoch 235 train_acc: 0.8997632612711048, test_acc: 0.8960430812456099
Epoch 240 train_acc: 0.9005177033741772, test_acc: 0.8976300111865553
Epoch 245 train_acc: 0.9005957491089779, test_acc: 0.8981763313301595
Epoch 250 train_acc: 0.9011160540076485, test_acc: 0.8988787429433648
Epoch 255 train_acc: 0.9020005723353886, test_acc: 0.8976820416764224
Epoch 260 train_acc: 0.9016103436613856, test_acc: 0.8970316605530841
Epoch 265 train_acc: 0.9015843284164521, test_acc: 0.8969015843284165
Epoch 270 train_acc: 0.9029371211529956, test_acc: 0.8978121179010901
Epoch 275 train_acc: 0.9025468924789927, test_acc: 0.8994510783319025
Epoch 280 train_acc: 0.9027029839485938, test_acc: 0.9005177033741772
Epoch 285 train_acc: 0.9032493040921981, test_acc: 0.9004136423944431
Epoch 290 train_acc: 0.9032493040921981, test_acc: 0.9008038710684461
Epoch 295 train_acc: 0.9037175785010015, test_acc: 0.9005957491089779
Epoch 300 train_acc: 0.9037956242358022, test_acc: 0.9008038710684461
Epoch 305 train_acc: 0.9037175785010015, test_acc: 0.9020265875803221
Epoch 310 train_acc: 0.9043159291344728, test_acc: 0.9035354717864669
Epoch 315 train_acc: 0.9039777309503368, test_acc: 0.9023127552745909
Epoch 320 train_acc: 0.9054605999115481, test_acc: 0.9014282369468508
Epoch 325 train_acc: 0.9042638986446058, test_acc: 0.9004916881292437
Epoch 330 train_acc: 0.9043679596243399, test_acc: 0.9030932126225969
Epoch 335 train_acc: 0.9055906761362158, test_acc: 0.9017404198860532
Epoch 340 train_acc: 0.9055646608912823, test_acc: 0.9025468924789927
Epoch 345 train_acc: 0.9058768438304846, test_acc: 0.9031712583573974
Epoch 350 train_acc: 0.9060849657899529, test_acc: 0.9048102187882099
Epoch 355 train_acc: 0.9068133926480918, test_acc: 0.9037435937459352
Epoch 360 train_acc: 0.9063971487291553, test_acc: 0.902755014438461
Epoch 365 train_acc: 0.9075418195062307, test_acc: 0.9029111059080621
Epoch 370 train_acc: 0.9069174536278259, test_acc: 0.9027810296833945
Epoch 375 train_acc: 0.9073336975467624, test_acc: 0.9024688467441921
Epoch 380 train_acc: 0.9086084445485054, test_acc: 0.9030411821327298
Epoch 385 train_acc: 0.9084783683238378, test_acc: 0.9040037461952705
Epoch 390 train_acc: 0.908192200629569, test_acc: 0.9051484169723458
Epoch 395 train_acc: 0.9085564140586384, test_acc: 0.9039257004604698
Epoch 400 train_acc: 0.9094929628762455, test_acc: 0.9030932126225969
Epoch 405 train_acc: 0.9090507037123755, test_acc: 0.9039517157054033
Epoch 410 train_acc: 0.908192200629569, test_acc: 0.9030671973776633
Epoch 415 train_acc: 0.909128749447176, test_acc: 0.9031972736023309
Epoch 420 train_acc: 0.9091027342022425, test_acc: 0.9039517157054033
Epoch 425 train_acc: 0.9087905512630401, test_acc: 0.9023387705195245
Epoch 430 train_acc: 0.9101173287546502, test_acc: 0.9021566638049897
Epoch 435 train_acc: 0.9102213897343844, test_acc: 0.905304508441947
Epoch 440 train_acc: 0.9104555269387862, test_acc: 0.9030671973776633
Epoch 445 train_acc: 0.9099872525299826, test_acc: 0.9035614870314004
Epoch 450 train_acc: 0.9102994354691849, test_acc: 0.905304508441947
Epoch 455 train_acc: 0.9105595879185202, test_acc: 0.9047842035432764
Epoch 460 train_acc: 0.9098571763053149, test_acc: 0.9044980358490076
Epoch 465 train_acc: 0.910741694633055, test_acc: 0.902755014438461
Epoch 470 train_acc: 0.9109758318374568, test_acc: 0.9039777309503368
Epoch 475 train_acc: 0.9112880147766591, test_acc: 0.9062930877494212
Epoch 480 train_acc: 0.9103774812039855, test_acc: 0.9052004474622128
Epoch 485 train_acc: 0.9119123806550639, test_acc: 0.9040037461952705
Epoch 490 train_acc: 0.9125627617784021, test_acc: 0.9047842035432764
Epoch 495 train_acc: 0.9120944873695986, test_acc: 0.9025208772340592
Epoch 500 train_acc: 0.9123546398189339, test_acc: 0.9055386456463488
