/cliphomes/myuan/anaconda3/lib/python3.6/site-packages/h5py/__init__.py:36: FutureWarning: Conversion of the second argument of issubdtype from `float` to `np.floating` is deprecated. In future, it will be treated as `np.float64 == np.dtype(float).type`.
  from ._conv import register_converters as _register_converters
Using TensorFlow backend.
/cliphomes/myuan/anaconda3/lib/python3.6/site-packages/sklearn/utils/validation.py:475: DataConversionWarning: Data with input dtype uint8 was converted to float64 by MinMaxScaler.
  warnings.warn(msg, DataConversionWarning)
Epoch 5 train_acc: 0.8411509144358594, test_acc: 0.8430240120710737
Epoch 10 train_acc: 0.8497619605088582, test_acc: 0.8503603111423294
Epoch 15 train_acc: 0.8561877260074403, test_acc: 0.8459377195036292
Epoch 20 train_acc: 0.8642264366919015, test_acc: 0.8499180519784594
Epoch 25 train_acc: 0.8701579125367466, test_acc: 0.8569421681105127
Epoch 30 train_acc: 0.8743203517261116, test_acc: 0.8674783423085929
Epoch 35 train_acc: 0.8800697208564219, test_acc: 0.8662035953068498
Epoch 40 train_acc: 0.8838679466167174, test_acc: 0.8698197143526106
Epoch 45 train_acc: 0.8883165535003512, test_acc: 0.8719789796820937
Epoch 50 train_acc: 0.8894352090324931, test_acc: 0.8696115923931423
Epoch 55 train_acc: 0.8937537396914592, test_acc: 0.8715107052732901
Epoch 60 train_acc: 0.8991388953927001, test_acc: 0.8702879887614142
Epoch 65 train_acc: 0.9018444808657874, test_acc: 0.8685449673508676
Epoch 70 train_acc: 0.9011940997424491, test_acc: 0.8658133666328468
Epoch 75 train_acc: 0.9037175785010015, test_acc: 0.8653450922240433
Epoch 80 train_acc: 0.9073076823018289, test_acc: 0.8711985223340878
Epoch 85 train_acc: 0.9093368714066443, test_acc: 0.8680506776971305
Epoch 90 train_acc: 0.9087905512630401, test_acc: 0.8663336715315175
Epoch 95 train_acc: 0.9092848409167772, test_acc: 0.8694555009235412
Epoch 100 train_acc: 0.9087125055282396, test_acc: 0.8717188272327584
Epoch 105 train_acc: 0.9048362340331434, test_acc: 0.8730195894794349
Epoch 110 train_acc: 0.9036135175212675, test_acc: 0.8752569005437186
Epoch 115 train_acc: 0.902807044928328, test_acc: 0.8720570254168943
Epoch 120 train_acc: 0.8970836910429512, test_acc: 0.8758292359322563
Epoch 125 train_acc: 0.8968755690834829, test_acc: 0.8821769556960378
Epoch 130 train_acc: 0.9003355966596426, test_acc: 0.8823330471656391
Epoch 135 train_acc: 0.8984624990244283, test_acc: 0.883451702697781
Epoch 140 train_acc: 0.8909961237285049, test_acc: 0.8878742943364811
Epoch 145 train_acc: 0.8938838159161269, test_acc: 0.8885767059496865
Epoch 150 train_acc: 0.8969015843284165, test_acc: 0.8913863524025079
Epoch 155 train_acc: 0.8968755690834829, test_acc: 0.8918546268113114
Epoch 160 train_acc: 0.8983324227997607, test_acc: 0.8958869897760088
Epoch 165 train_acc: 0.8993210021072349, test_acc: 0.8961211269804105
Epoch 170 train_acc: 0.8986706209838966, test_acc: 0.899477093576836
Epoch 175 train_acc: 0.899919352740706, test_acc: 0.8980722703504254
Epoch 180 train_acc: 0.9026769687036603, test_acc: 0.8970576757980177
Epoch 185 train_acc: 0.9042378833996723, test_acc: 0.9016623741512526
Epoch 190 train_acc: 0.9052264627071464, test_acc: 0.9008038710684461
Epoch 195 train_acc: 0.9034053955617992, test_acc: 0.8972657977574859
Epoch 200 train_acc: 0.9035354717864669, test_acc: 0.8960690964905434
Epoch 205 train_acc: 0.9039257004604698, test_acc: 0.9002835661697755
Epoch 210 train_acc: 0.9057727828507506, test_acc: 0.9021826790499232
Epoch 215 train_acc: 0.90702151460756, test_acc: 0.9034574260516662
Epoch 220 train_acc: 0.9078800176903665, test_acc: 0.9011680844975155
Epoch 225 train_acc: 0.9104815421837197, test_acc: 0.9043159291344728
Epoch 230 train_acc: 0.9108717708577226, test_acc: 0.9028330601732615
Epoch 235 train_acc: 0.9108197403678555, test_acc: 0.8977600874112229
Epoch 240 train_acc: 0.9117562891854627, test_acc: 0.9035875022763339
Epoch 245 train_acc: 0.9085564140586384, test_acc: 0.9016103436613856
Epoch 250 train_acc: 0.909128749447176, test_acc: 0.8978901636358906
Epoch 255 train_acc: 0.9128489294726709, test_acc: 0.9033793803168657
Epoch 260 train_acc: 0.9112619995317256, test_acc: 0.9010380082728479
Epoch 265 train_acc: 0.9089726579775749, test_acc: 0.9021306485600562
Epoch 270 train_acc: 0.9110798928171909, test_acc: 0.9040557766851375
Epoch 275 train_acc: 0.912458700798668, test_acc: 0.904081791930071
Epoch 280 train_acc: 0.9132651733916075, test_acc: 0.9029111059080621
Epoch 285 train_acc: 0.9110278623273238, test_acc: 0.900751840578579
Epoch 290 train_acc: 0.9110018470823903, test_acc: 0.9030932126225969
Epoch 295 train_acc: 0.9121725331043992, test_acc: 0.9081401701397018
Epoch 300 train_acc: 0.9091807799370432, test_acc: 0.9068133926480918
Epoch 305 train_acc: 0.9098051458154478, test_acc: 0.9068133926480918
Epoch 310 train_acc: 0.9093108561617108, test_acc: 0.9053305236868805
Epoch 315 train_acc: 0.90702151460756, test_acc: 0.9052004474622128
Epoch 320 train_acc: 0.9098311610603814, test_acc: 0.9076979109758319
Epoch 325 train_acc: 0.9108457556127891, test_acc: 0.909466947631312
Epoch 330 train_acc: 0.908244231119436, test_acc: 0.9084003225890371
Epoch 335 train_acc: 0.9080100939150342, test_acc: 0.9091027342022425
Epoch 340 train_acc: 0.9111579385519915, test_acc: 0.9122505788391998
Epoch 345 train_acc: 0.9100652982647832, test_acc: 0.9112359842867921
Epoch 350 train_acc: 0.9090246884674419, test_acc: 0.9105075574286532
Epoch 355 train_acc: 0.9097531153255808, test_acc: 0.9078279872004995
Epoch 360 train_acc: 0.911131923307058, test_acc: 0.9058508285855511
Epoch 365 train_acc: 0.9095710086110461, test_acc: 0.9109758318374568
Epoch 370 train_acc: 0.9103774812039855, test_acc: 0.9050703712375452
Epoch 375 train_acc: 0.913733447800411, test_acc: 0.9130830666770727
Epoch 380 train_acc: 0.9099872525299826, test_acc: 0.9058508285855511
Epoch 385 train_acc: 0.9118863654101304, test_acc: 0.9097531153255808
Epoch 390 train_acc: 0.9105595879185202, test_acc: 0.9108717708577226
Epoch 395 train_acc: 0.9127968989828039, test_acc: 0.9122765940841333
Epoch 400 train_acc: 0.9130570514321392, test_acc: 0.9103254507141185
Epoch 405 train_acc: 0.9126147922682692, test_acc: 0.9110278623273238
Epoch 410 train_acc: 0.913239158146674, test_acc: 0.9072816670568954
Epoch 415 train_acc: 0.9158666978849606, test_acc: 0.9122765940841333
Epoch 420 train_acc: 0.913239158146674, test_acc: 0.9125107312885351
Epoch 425 train_acc: 0.9142537526990817, test_acc: 0.9139936002497463
Epoch 430 train_acc: 0.9123806550638675, test_acc: 0.9110278623273238
Epoch 435 train_acc: 0.9153724082312235, test_acc: 0.9117562891854627
Epoch 440 train_acc: 0.9138375087801451, test_acc: 0.9143838289237494
Epoch 445 train_acc: 0.9126928380030698, test_acc: 0.9104555269387862
Epoch 450 train_acc: 0.9157366216602929, test_acc: 0.9102213897343844
Epoch 455 train_acc: 0.9151642862717553, test_acc: 0.9102734202242514
Epoch 460 train_acc: 0.9156585759254924, test_acc: 0.9113140300215926
Epoch 465 train_acc: 0.9142277374541481, test_acc: 0.9059548895652852
Epoch 470 train_acc: 0.9144358594136164, test_acc: 0.908244231119436
Epoch 475 train_acc: 0.9147220271078852, test_acc: 0.9094149171414448
Epoch 480 train_acc: 0.9148781185774864, test_acc: 0.913239158146674
Epoch 485 train_acc: 0.9131090819220063, test_acc: 0.9095449933661125
Epoch 490 train_acc: 0.912458700798668, test_acc: 0.9059809048102188
Epoch 495 train_acc: 0.9163349722937641, test_acc: 0.904081791930071
Epoch 500 train_acc: 0.9116522282057286, test_acc: 0.9104815421837197
Epoch 505 train_acc: 0.9155805301906917, test_acc: 0.9047581882983429
Epoch 510 train_acc: 0.9146699966180182, test_acc: 0.9088946122427742
Epoch 515 train_acc: 0.9146699966180182, test_acc: 0.9067613621582247
Epoch 520 train_acc: 0.9138114935352116, test_acc: 0.9085303988137048
Epoch 525 train_acc: 0.9129529904524051, test_acc: 0.90613699627982
Epoch 530 train_acc: 0.9141496917193476, test_acc: 0.905356538931814
Epoch 535 train_acc: 0.9139936002497463, test_acc: 0.9012981607221832
Epoch 540 train_acc: 0.9166471552329665, test_acc: 0.9054085694216811
Epoch 545 train_acc: 0.917505658315773, test_acc: 0.90613699627982
Epoch 550 train_acc: 0.9154244387210906, test_acc: 0.9047581882983429
Epoch 555 train_acc: 0.9141236764744141, test_acc: 0.9000754442103073
Epoch 560 train_acc: 0.9110018470823903, test_acc: 0.9059028590754182
Epoch 565 train_acc: 0.913343219126408, test_acc: 0.9093108561617108
Epoch 570 train_acc: 0.9138375087801451, test_acc: 0.9059288743203517
Epoch 575 train_acc: 0.9142797679440152, test_acc: 0.8987746819636306
Epoch 580 train_acc: 0.9145399203933505, test_acc: 0.8970316605530841
Epoch 585 train_acc: 0.9139155545149458, test_acc: 0.8974999349618876
Epoch 590 train_acc: 0.9148521033325528, test_acc: 0.9063971487291553
Epoch 595 train_acc: 0.9138114935352116, test_acc: 0.8945341970394651
Epoch 600 train_acc: 0.9149821795572205, test_acc: 0.9044460053591404
Epoch 605 train_acc: 0.913343219126408, test_acc: 0.9002575509248419
Epoch 610 train_acc: 0.9111579385519915, test_acc: 0.9006477795988449
Epoch 615 train_acc: 0.9173235516012384, test_acc: 0.9034314108067327
Epoch 620 train_acc: 0.91490413382242, test_acc: 0.9058248133406176
Epoch 625 train_acc: 0.9129009599625381, test_acc: 0.89825437706496
Epoch 630 train_acc: 0.9147220271078852, test_acc: 0.9018184656208538
Epoch 635 train_acc: 0.9151382710268218, test_acc: 0.9084783683238378
Epoch 640 train_acc: 0.9135513410858763, test_acc: 0.9059028590754182
Epoch 645 train_acc: 0.9130310361872057, test_acc: 0.9035614870314004
Epoch 650 train_acc: 0.9119383958999974, test_acc: 0.8928692213637192
Epoch 655 train_acc: 0.9131350971669399, test_acc: 0.9025208772340592
Epoch 660 train_acc: 0.9124326855537345, test_acc: 0.9055646608912823
Epoch 665 train_acc: 0.9155284997008247, test_acc: 0.9031712583573974
Epoch 670 train_acc: 0.9142277374541481, test_acc: 0.9034053955617992
Epoch 675 train_acc: 0.9157106064153594, test_acc: 0.899815291760972
Epoch 680 train_acc: 0.9039257004604698, test_acc: 0.8999453679856396
Epoch 685 train_acc: 0.9110538775722573, test_acc: 0.9053305236868805
Epoch 690 train_acc: 0.9168292619475013, test_acc: 0.9104295116938526
Epoch 695 train_acc: 0.9085824293035719, test_acc: 0.9067353469132912
Epoch 700 train_acc: 0.9109758318374568, test_acc: 0.9013501912120503
