/cliphomes/myuan/anaconda3/lib/python3.6/site-packages/h5py/__init__.py:36: FutureWarning: Conversion of the second argument of issubdtype from `float` to `np.floating` is deprecated. In future, it will be treated as `np.float64 == np.dtype(float).type`.
  from ._conv import register_converters as _register_converters
Using TensorFlow backend.
/cliphomes/myuan/anaconda3/lib/python3.6/site-packages/sklearn/utils/validation.py:475: DataConversionWarning: Data with input dtype uint8 was converted to float64 by MinMaxScaler.
  warnings.warn(msg, DataConversionWarning)
Epoch 5 train_acc: 0.8417492650693307, test_acc: 0.8393558625354458
Epoch 10 train_acc: 0.8468482530763027, test_acc: 0.8453393688701579
Epoch 15 train_acc: 0.8517391191238065, test_acc: 0.8515049819194048
Epoch 20 train_acc: 0.8583990218267905, test_acc: 0.8563438174770416
Epoch 25 train_acc: 0.8620931866073519, test_acc: 0.8606363328910742
Epoch 30 train_acc: 0.8663336715315175, test_acc: 0.8639662842425662
Epoch 35 train_acc: 0.8698197143526106, test_acc: 0.8654491532037775
Epoch 40 train_acc: 0.8716928119878249, test_acc: 0.8666718697156534
Epoch 45 train_acc: 0.8734098181534379, test_acc: 0.8707822784151513
Epoch 50 train_acc: 0.8754390072582533, test_acc: 0.8697676838627436
Epoch 55 train_acc: 0.8728634980098338, test_acc: 0.8758552511771899
Epoch 60 train_acc: 0.8791331720388147, test_acc: 0.8801477665912224
Epoch 65 train_acc: 0.8823330471656391, test_acc: 0.8798355836520201
Epoch 70 train_acc: 0.8837899008819168, test_acc: 0.8805119800202919
Epoch 75 train_acc: 0.8848565259241916, test_acc: 0.8807461172246936
Epoch 80 train_acc: 0.8857150290069981, test_acc: 0.8795754312026848
Epoch 85 train_acc: 0.8864694711100705, test_acc: 0.8827753063295091
Epoch 90 train_acc: 0.8874060199276776, test_acc: 0.8812924373682979
Epoch 95 train_acc: 0.8879003095814147, test_acc: 0.884440282005255
Epoch 100 train_acc: 0.8877442181118135, test_acc: 0.8869637607638076
Epoch 105 train_acc: 0.8865475168448711, test_acc: 0.8757511901974557
Epoch 110 train_acc: 0.8853508155779287, test_acc: 0.8867556388043394
Epoch 115 train_acc: 0.8874580504175447, test_acc: 0.8874580504175447
Epoch 120 train_acc: 0.8936756939566586, test_acc: 0.8905538645646349
Epoch 125 train_acc: 0.8947943494888004, test_acc: 0.8912042456879732
Epoch 130 train_acc: 0.8948463799786674, test_acc: 0.8904758188298343
Epoch 135 train_acc: 0.8959650355108093, test_acc: 0.8907880017690366
Epoch 140 train_acc: 0.8964072946746794, test_acc: 0.888940919378756
Epoch 145 train_acc: 0.8959650355108093, test_acc: 0.8875360961523453
Epoch 150 train_acc: 0.893987876895861, test_acc: 0.8882645230104842
Epoch 155 train_acc: 0.8928952366086527, test_acc: 0.8916985353417103
Epoch 160 train_acc: 0.8958869897760088, test_acc: 0.8953406696324046
Epoch 165 train_acc: 0.8979942246156247, test_acc: 0.892374931709982
Epoch 170 train_acc: 0.8978901636358906, test_acc: 0.8895132547672936
Epoch 175 train_acc: 0.8982283618200265, test_acc: 0.883451702697781
Epoch 180 train_acc: 0.8961991727152111, test_acc: 0.891490413382242
Epoch 185 train_acc: 0.8946642732641328, test_acc: 0.8927391451390515
Epoch 190 train_acc: 0.9002315356799084, test_acc: 0.8948723952236011
Epoch 195 train_acc: 0.9015062826816514, test_acc: 0.8939098311610604
Epoch 200 train_acc: 0.902755014438461, test_acc: 0.89736985873722
Epoch 205 train_acc: 0.9016103436613856, test_acc: 0.8974999349618876
Epoch 210 train_acc: 0.9018184656208538, test_acc: 0.8988787429433648
Epoch 215 train_acc: 0.9016623741512526, test_acc: 0.8989567886781654
Epoch 220 train_acc: 0.9037175785010015, test_acc: 0.9027289991935274
Epoch 225 train_acc: 0.9046541273186087, test_acc: 0.9007258253336455
Epoch 230 train_acc: 0.9039517157054033, test_acc: 0.9013762064569838
Epoch 235 train_acc: 0.9037956242358022, test_acc: 0.9030932126225969
Epoch 240 train_acc: 0.9072816670568954, test_acc: 0.9051224017274123
Epoch 245 train_acc: 0.9086344597934389, test_acc: 0.9058508285855511
Epoch 250 train_acc: 0.909466947631312, test_acc: 0.9047321730534092
Epoch 255 train_acc: 0.9099352220401155, test_acc: 0.9028590754181951
Epoch 260 train_acc: 0.9080100939150342, test_acc: 0.9001014594552408
Epoch 265 train_acc: 0.9093889018965113, test_acc: 0.9018444808657874
Epoch 270 train_acc: 0.910793725122922, test_acc: 0.9037956242358022
Epoch 275 train_acc: 0.9109758318374568, test_acc: 0.904914279767944
Epoch 280 train_acc: 0.9119383958999974, test_acc: 0.9037435937459352
Epoch 285 train_acc: 0.9111059080621244, test_acc: 0.8995551393116367
Epoch 290 train_acc: 0.9090507037123755, test_acc: 0.9050703712375452
Epoch 295 train_acc: 0.9111059080621244, test_acc: 0.9048882645230105
Epoch 300 train_acc: 0.9101433439995837, test_acc: 0.9050703712375452
Epoch 305 train_acc: 0.910793725122922, test_acc: 0.9046281120736752
Epoch 310 train_acc: 0.911131923307058, test_acc: 0.8989047581882983
Epoch 315 train_acc: 0.9103774812039855, test_acc: 0.9037175785010015
Epoch 320 train_acc: 0.9121465178594657, test_acc: 0.9073076823018289
Epoch 325 train_acc: 0.9126147922682692, test_acc: 0.909466947631312
Epoch 330 train_acc: 0.9123546398189339, test_acc: 0.9091547646921095
Epoch 335 train_acc: 0.9140456307396134, test_acc: 0.9078279872004995
Epoch 340 train_acc: 0.9141496917193476, test_acc: 0.9077759567106324
Epoch 345 train_acc: 0.914565935638284, test_acc: 0.9071255755872941
Epoch 350 train_acc: 0.9137854782902781, test_acc: 0.9069954993626265
Epoch 355 train_acc: 0.913629386820677, test_acc: 0.9060589505450194
Epoch 360 train_acc: 0.9137594630453446, test_acc: 0.9052784931970135
Epoch 365 train_acc: 0.9144098441686829, test_acc: 0.9043679596243399
Epoch 370 train_acc: 0.9140716459845469, test_acc: 0.8996592002913707
Epoch 375 train_acc: 0.9145919508832175, test_acc: 0.8984104685345613
Epoch 380 train_acc: 0.9151642862717553, test_acc: 0.902416816254325
Epoch 385 train_acc: 0.9151122557818882, test_acc: 0.903639532766201
Epoch 390 train_acc: 0.9139155545149458, test_acc: 0.9009079320481802
Epoch 395 train_acc: 0.9140976612294804, test_acc: 0.9016623741512526
Epoch 400 train_acc: 0.9155284997008247, test_acc: 0.8990608496578996
Epoch 405 train_acc: 0.9150602252920211, test_acc: 0.9005697338640444
Epoch 410 train_acc: 0.9158146673950935, test_acc: 0.9046801425635422
Epoch 415 train_acc: 0.9155024844558911, test_acc: 0.9072036213220948
Epoch 420 train_acc: 0.9142797679440152, test_acc: 0.9080881396498348
Epoch 425 train_acc: 0.9136554020656105, test_acc: 0.9079840786701007
Epoch 430 train_acc: 0.9138635240250786, test_acc: 0.9044460053591404
Epoch 435 train_acc: 0.9135513410858763, test_acc: 0.9042378833996723
Epoch 440 train_acc: 0.9143317984338822, test_acc: 0.8979682093706912
Epoch 445 train_acc: 0.9138375087801451, test_acc: 0.9032493040921981
Epoch 450 train_acc: 0.9151122557818882, test_acc: 0.9097271000806473
Epoch 455 train_acc: 0.9155024844558911, test_acc: 0.9094149171414448
Epoch 460 train_acc: 0.9169073076823018, test_acc: 0.9043419443794063
Epoch 465 train_acc: 0.9168552771924348, test_acc: 0.9016623741512526
Epoch 470 train_acc: 0.9176877650303078, test_acc: 0.9062150420146206
Epoch 475 train_acc: 0.9161268503342959, test_acc: 0.9074897890163636
Epoch 480 train_acc: 0.9157626369052264, test_acc: 0.9008038710684461
Epoch 485 train_acc: 0.9158927131298941, test_acc: 0.8993990478420354
Epoch 490 train_acc: 0.9171674601316372, test_acc: 0.9043159291344728
Epoch 495 train_acc: 0.9171414448867036, test_acc: 0.9048622492780769
Epoch 500 train_acc: 0.9177397955201748, test_acc: 0.900699810088712
