/cliphomes/myuan/anaconda3/lib/python3.6/site-packages/h5py/__init__.py:36: FutureWarning: Conversion of the second argument of issubdtype from `float` to `np.floating` is deprecated. In future, it will be treated as `np.float64 == np.dtype(float).type`.
  from ._conv import register_converters as _register_converters
Using TensorFlow backend.
/cliphomes/myuan/anaconda3/lib/python3.6/site-packages/sklearn/utils/validation.py:475: DataConversionWarning: Data with input dtype uint8 was converted to float64 by MinMaxScaler.
  warnings.warn(msg, DataConversionWarning)
Epoch 5 train_acc: 0.8428679206014724, test_acc: 0.8393558625354458
Epoch 10 train_acc: 0.8501261739379277, test_acc: 0.8453913993600249
Epoch 15 train_acc: 0.8583209760919899, test_acc: 0.8500221129581935
Epoch 20 train_acc: 0.8647987720804391, test_acc: 0.8535081557792866
Epoch 25 train_acc: 0.8715367205182237, test_acc: 0.8586071437862588
Epoch 30 train_acc: 0.8764796170555946, test_acc: 0.8587892505007935
Epoch 35 train_acc: 0.8805900257550925, test_acc: 0.8615988969536148
Epoch 40 train_acc: 0.8839459923515179, test_acc: 0.858373006581857
Epoch 45 train_acc: 0.8879783553162153, test_acc: 0.8595957230937329
Epoch 50 train_acc: 0.8880824162959494, test_acc: 0.8670620983896563
Epoch 55 train_acc: 0.8892270870730248, test_acc: 0.8683368453913993
Epoch 60 train_acc: 0.8906839407893026, test_acc: 0.8669840526548558
Epoch 65 train_acc: 0.8917505658315773, test_acc: 0.8703660344962147
Epoch 70 train_acc: 0.8945081817945316, test_acc: 0.8720830406618278
Epoch 75 train_acc: 0.8962251879601446, test_acc: 0.8714066442935561
Epoch 80 train_acc: 0.8968755690834829, test_acc: 0.8715887510080907
Epoch 85 train_acc: 0.8961471422253441, test_acc: 0.8732016961939697
Epoch 90 train_acc: 0.8964853404094799, test_acc: 0.873852077317308
Epoch 95 train_acc: 0.8963552641848123, test_acc: 0.8754910377481204
Epoch 100 train_acc: 0.8955227763469393, test_acc: 0.8728114675199667
Epoch 105 train_acc: 0.895652852571607, test_acc: 0.8814225135929655
Epoch 110 train_acc: 0.8962251879601446, test_acc: 0.876401571320794
Epoch 115 train_acc: 0.8954187153672052, test_acc: 0.8777543640573376
Epoch 120 train_acc: 0.8976560264314889, test_acc: 0.8760893883815916
Epoch 125 train_acc: 0.8972657977574859, test_acc: 0.8722911626212961
Epoch 130 train_acc: 0.8978901636358906, test_acc: 0.8804599495304248
Epoch 135 train_acc: 0.8969536148182835, test_acc: 0.8822029709409714
Epoch 140 train_acc: 0.8969015843284165, test_acc: 0.8799396446317542
Epoch 145 train_acc: 0.8965113556544135, test_acc: 0.878118577486407
Epoch 150 train_acc: 0.8985145295142953, test_acc: 0.8780925622414735
Epoch 155 train_acc: 0.8972657977574859, test_acc: 0.8830094435339109
Epoch 160 train_acc: 0.8967194776138817, test_acc: 0.8881344467858164
Epoch 165 train_acc: 0.8972657977574859, test_acc: 0.8900595749108978
Epoch 170 train_acc: 0.8995031088217695, test_acc: 0.8904758188298343
Epoch 175 train_acc: 0.8995811545565702, test_acc: 0.8915164286271755
Epoch 180 train_acc: 0.9001795051900414, test_acc: 0.8912042456879732
Epoch 185 train_acc: 0.9003095814147091, test_acc: 0.8914123676474414
Epoch 190 train_acc: 0.9020526028252556, test_acc: 0.8910481542183719
Epoch 195 train_acc: 0.9026249382137933, test_acc: 0.8891490413382241
Epoch 200 train_acc: 0.9027029839485938, test_acc: 0.8881864772756836
Epoch 205 train_acc: 0.9020786180701891, test_acc: 0.8907880017690366
Epoch 210 train_acc: 0.9016623741512526, test_acc: 0.893103358568121
Epoch 215 train_acc: 0.9025468924789927, test_acc: 0.8941959988553292
Epoch 220 train_acc: 0.9035614870314004, test_acc: 0.8953927001222717
Epoch 225 train_acc: 0.9037175785010015, test_acc: 0.8945341970394651
Epoch 230 train_acc: 0.9043159291344728, test_acc: 0.8950024714482687
Epoch 235 train_acc: 0.9046020968287416, test_acc: 0.8952366086526705
Epoch 240 train_acc: 0.9046801425635422, test_acc: 0.8979161788808242
Epoch 245 train_acc: 0.9050703712375452, test_acc: 0.8968755690834829
Epoch 250 train_acc: 0.9061630115247535, test_acc: 0.8984104685345613
Epoch 255 train_acc: 0.9063971487291553, test_acc: 0.898592575249096
Epoch 260 train_acc: 0.906527224953823, test_acc: 0.9002055204349749
Epoch 265 train_acc: 0.9066573011784906, test_acc: 0.8997632612711048
Epoch 270 train_acc: 0.9078800176903665, test_acc: 0.8993730325971019
Epoch 275 train_acc: 0.9074637737714301, test_acc: 0.9015583131715185
Epoch 280 train_acc: 0.9066833164234241, test_acc: 0.9012981607221832
Epoch 285 train_acc: 0.9071776060771612, test_acc: 0.9004916881292437
Epoch 290 train_acc: 0.9060589505450194, test_acc: 0.9002835661697755
Epoch 295 train_acc: 0.9061109810348864, test_acc: 0.9018704961107209
Epoch 300 train_acc: 0.9074377585264966, test_acc: 0.9010380082728479
Epoch 305 train_acc: 0.9082182158745025, test_acc: 0.9011680844975155
Epoch 310 train_acc: 0.907411743281563, test_acc: 0.9017144046411197
Epoch 315 train_acc: 0.9076718957308983, test_acc: 0.9033793803168657
Epoch 320 train_acc: 0.9067353469132912, test_acc: 0.9035614870314004
Epoch 325 train_acc: 0.9070995603423606, test_acc: 0.9033273498269986
Epoch 330 train_acc: 0.9086604750383724, test_acc: 0.9046801425635422
Epoch 335 train_acc: 0.9081401701397018, test_acc: 0.9037435937459352
Epoch 340 train_acc: 0.9088946122427742, test_acc: 0.904081791930071
Epoch 345 train_acc: 0.9085564140586384, test_acc: 0.9026509534587268
Epoch 350 train_acc: 0.9101693592445173, test_acc: 0.9047321730534092
Epoch 355 train_acc: 0.9099612372850491, test_acc: 0.9041598376648716
Epoch 360 train_acc: 0.909128749447176, test_acc: 0.9030411821327298
Epoch 365 train_acc: 0.9103254507141185, test_acc: 0.9060069200551523
Epoch 370 train_acc: 0.910741694633055, test_acc: 0.9042899138895393
Epoch 375 train_acc: 0.911183953796925, test_acc: 0.9045240510939411
Epoch 380 train_acc: 0.9114180910013268, test_acc: 0.9034834412965999
Epoch 385 train_acc: 0.9117042586955956, test_acc: 0.9010119930279143
Epoch 390 train_acc: 0.9118343349202632, test_acc: 0.9045500663388746
Epoch 395 train_acc: 0.9124326855537345, test_acc: 0.901532297926585
Epoch 400 train_acc: 0.9121465178594657, test_acc: 0.9035614870314004
Epoch 405 train_acc: 0.9131611124118734, test_acc: 0.9018184656208538
Epoch 410 train_acc: 0.9134732953510757, test_acc: 0.9014542521917844
Epoch 415 train_acc: 0.9126408075132028, test_acc: 0.9018965113556544
Epoch 420 train_acc: 0.9128489294726709, test_acc: 0.9009859777829808
Epoch 425 train_acc: 0.9128749447176046, test_acc: 0.9033273498269986
Epoch 430 train_acc: 0.9120424568797315, test_acc: 0.9038216394807357
Epoch 435 train_acc: 0.9130050209422722, test_acc: 0.9046020968287416
Epoch 440 train_acc: 0.9113140300215926, test_acc: 0.9021306485600562
Epoch 445 train_acc: 0.9114961367361274, test_acc: 0.9040037461952705
Epoch 450 train_acc: 0.9111579385519915, test_acc: 0.9042899138895393
Epoch 455 train_acc: 0.911131923307058, test_acc: 0.904966310257811
Epoch 460 train_acc: 0.9128749447176046, test_acc: 0.9037435937459352
Epoch 465 train_acc: 0.9129529904524051, test_acc: 0.9059288743203517
Epoch 470 train_acc: 0.9130310361872057, test_acc: 0.9058768438304846
Epoch 475 train_acc: 0.9130830666770727, test_acc: 0.9063711334842217
Epoch 480 train_acc: 0.9133172038814745, test_acc: 0.9049402950128775
Epoch 485 train_acc: 0.9121465178594657, test_acc: 0.9052264627071464
Epoch 490 train_acc: 0.9131090819220063, test_acc: 0.9072036213220948
Epoch 495 train_acc: 0.9139415697598793, test_acc: 0.9045500663388746
Epoch 500 train_acc: 0.9125627617784021, test_acc: 0.9063451182392882
Epoch 505 train_acc: 0.9131871276568069, test_acc: 0.905746767605817
Epoch 510 train_acc: 0.9137074325554775, test_acc: 0.9067093316683577
Epoch 515 train_acc: 0.9140716459845469, test_acc: 0.9048362340331434
Epoch 520 train_acc: 0.9121985483493327, test_acc: 0.9057727828507506
Epoch 525 train_acc: 0.913239158146674, test_acc: 0.9070995603423606
Epoch 530 train_acc: 0.9142537526990817, test_acc: 0.9090507037123755
Epoch 535 train_acc: 0.9136554020656105, test_acc: 0.9083222768542366
Epoch 540 train_acc: 0.9134993105960093, test_acc: 0.9070475298524936
Epoch 545 train_acc: 0.9127188532480033, test_acc: 0.9084523530789043
Epoch 550 train_acc: 0.9135253258409428, test_acc: 0.9104295116938526
Epoch 555 train_acc: 0.9135773563308098, test_acc: 0.9096230391009131
Epoch 560 train_acc: 0.9142017222092146, test_acc: 0.9092848409167772
Epoch 565 train_acc: 0.9131871276568069, test_acc: 0.9088685969978407
Epoch 570 train_acc: 0.913343219126408, test_acc: 0.9102994354691849
Epoch 575 train_acc: 0.9139155545149458, test_acc: 0.9088165665079737
Epoch 580 train_acc: 0.9139675850048128, test_acc: 0.9090246884674419
Epoch 585 train_acc: 0.9140976612294804, test_acc: 0.9101953744894509
Epoch 590 train_acc: 0.9142537526990817, test_acc: 0.9094409323863785
Epoch 595 train_acc: 0.913681417310544, test_acc: 0.9084263378339708
Epoch 600 train_acc: 0.9145399203933505, test_acc: 0.9102474049793179
Epoch 605 train_acc: 0.9153203777413564, test_acc: 0.9091807799370432
Epoch 610 train_acc: 0.9132651733916075, test_acc: 0.9098831915502484
Epoch 615 train_acc: 0.9151903015166888, test_acc: 0.9115741824709279
Epoch 620 train_acc: 0.9151122557818882, test_acc: 0.9098571763053149
Epoch 625 train_acc: 0.9142797679440152, test_acc: 0.9117042586955956
Epoch 630 train_acc: 0.9151642862717553, test_acc: 0.9105595879185202
Epoch 635 train_acc: 0.9148260880876193, test_acc: 0.912016441634798
Epoch 640 train_acc: 0.9150342100470876, test_acc: 0.9118603501651968
Epoch 645 train_acc: 0.9145919508832175, test_acc: 0.9119904263898645
Epoch 650 train_acc: 0.9143838289237494, test_acc: 0.9121725331043992
Epoch 655 train_acc: 0.9159447436197612, test_acc: 0.9101433439995837
Epoch 660 train_acc: 0.9148000728426858, test_acc: 0.9106376336533208
Epoch 665 train_acc: 0.9150862405369546, test_acc: 0.9109238013475897
Epoch 670 train_acc: 0.916178880824163, test_acc: 0.9126928380030698
Epoch 675 train_acc: 0.9147480423528187, test_acc: 0.9131871276568069
Epoch 680 train_acc: 0.9155545149457582, test_acc: 0.9120944873695986
Epoch 685 train_acc: 0.9156585759254924, test_acc: 0.911626212960795
Epoch 690 train_acc: 0.9157626369052264, test_acc: 0.9118083196753297
Epoch 695 train_acc: 0.9163089570488306, test_acc: 0.9130050209422722
Epoch 700 train_acc: 0.916569109498166, test_acc: 0.9127708837378704
Epoch 705 train_acc: 0.9166731704779001, test_acc: 0.9111579385519915
Epoch 710 train_acc: 0.9172194906215042, test_acc: 0.913239158146674
Epoch 715 train_acc: 0.917505658315773, test_acc: 0.911131923307058
Epoch 720 train_acc: 0.9184422071333802, test_acc: 0.9113920757563932
Epoch 725 train_acc: 0.917505658315773, test_acc: 0.9130310361872057
Epoch 730 train_acc: 0.9182080699289784, test_acc: 0.9119123806550639
Epoch 735 train_acc: 0.9182601004188454, test_acc: 0.9130310361872057
Epoch 740 train_acc: 0.9184682223783137, test_acc: 0.9104295116938526
Epoch 745 train_acc: 0.9171674601316372, test_acc: 0.9106116184083873
Epoch 750 train_acc: 0.9182861156637789, test_acc: 0.9104555269387862
Epoch 755 train_acc: 0.9182080699289784, test_acc: 0.9117823044303962
Epoch 760 train_acc: 0.9183901766435131, test_acc: 0.9109498165925232
Epoch 765 train_acc: 0.9185722833580479, test_acc: 0.9112359842867921
Epoch 770 train_acc: 0.9180259632144436, test_acc: 0.909128749447176
Epoch 775 train_acc: 0.9179739327245766, test_acc: 0.9088685969978407
Epoch 780 train_acc: 0.9179479174796431, test_acc: 0.9108197403678555
Epoch 785 train_acc: 0.9177658107651083, test_acc: 0.9101433439995837
Epoch 790 train_acc: 0.9182340851739119, test_acc: 0.9091547646921095
Epoch 795 train_acc: 0.9184161918884466, test_acc: 0.9114961367361274
Epoch 800 train_acc: 0.9183121309087126, test_acc: 0.9115221519810609
Epoch 805 train_acc: 0.9185202528681807, test_acc: 0.9097271000806473
Epoch 810 train_acc: 0.9180779937043108, test_acc: 0.9112880147766591
Epoch 815 train_acc: 0.9175316735607065, test_acc: 0.9102994354691849
Epoch 820 train_acc: 0.9183901766435131, test_acc: 0.9123806550638675
Epoch 825 train_acc: 0.9177397955201748, test_acc: 0.911131923307058
Epoch 830 train_acc: 0.919170633991519, test_acc: 0.909909206795182
Epoch 835 train_acc: 0.9178178412549755, test_acc: 0.9120424568797315
Epoch 840 train_acc: 0.9179739327245766, test_acc: 0.9125367465334686
Epoch 845 train_acc: 0.9185982986029814, test_acc: 0.9129790056973386
Epoch 850 train_acc: 0.9193527407060538, test_acc: 0.9118343349202632
Epoch 855 train_acc: 0.9186243138479149, test_acc: 0.9126668227581363
Epoch 860 train_acc: 0.9178698717448425, test_acc: 0.9123286245740003
Epoch 865 train_acc: 0.9188584510523167, test_acc: 0.9122765940841333
Epoch 870 train_acc: 0.918728374827649, test_acc: 0.9116522282057286
Epoch 875 train_acc: 0.9185982986029814, test_acc: 0.9140456307396134
Epoch 880 train_acc: 0.919170633991519, test_acc: 0.9135253258409428
Epoch 885 train_acc: 0.9194828169307214, test_acc: 0.9121985483493327
Epoch 890 train_acc: 0.918780405317516, test_acc: 0.9156325606805588
Epoch 895 train_acc: 0.9198730456047244, test_acc: 0.9157366216602929
Epoch 900 train_acc: 0.9187023595827155, test_acc: 0.9137594630453446
Epoch 905 train_acc: 0.9199771065844585, test_acc: 0.9139936002497463
Epoch 910 train_acc: 0.9193787559509873, test_acc: 0.9166471552329665
Epoch 915 train_acc: 0.9193787559509873, test_acc: 0.913733447800411
Epoch 920 train_acc: 0.9190145425219178, test_acc: 0.9142537526990817
Epoch 925 train_acc: 0.9190405577668513, test_acc: 0.9145919508832175
Epoch 930 train_acc: 0.919118603501652, test_acc: 0.9124326855537345
Epoch 935 train_acc: 0.9197689846249902, test_acc: 0.9154244387210906
Epoch 940 train_acc: 0.919118603501652, test_acc: 0.9148260880876193
Epoch 945 train_acc: 0.9201592132989932, test_acc: 0.9147480423528187
Epoch 950 train_acc: 0.9197169541351232, test_acc: 0.9149821795572205
Epoch 955 train_acc: 0.9200811675641927, test_acc: 0.9130050209422722
Epoch 960 train_acc: 0.9197169541351232, test_acc: 0.9149301490673535
Epoch 965 train_acc: 0.9207315486875309, test_acc: 0.9150862405369546
Epoch 970 train_acc: 0.9202372590337938, test_acc: 0.9148781185774864
Epoch 975 train_acc: 0.9197689846249902, test_acc: 0.9153724082312235
Epoch 980 train_acc: 0.9202632742787273, test_acc: 0.9160748198444288
Epoch 985 train_acc: 0.920055152319259, test_acc: 0.9159447436197612
Epoch 990 train_acc: 0.9208876401571321, test_acc: 0.914617966128151
Epoch 995 train_acc: 0.9200291370743255, test_acc: 0.9163089570488306
Epoch 1000 train_acc: 0.9223184786284763, test_acc: 0.9180779937043108
Epoch 1005 train_acc: 0.9206535029527303, test_acc: 0.9150862405369546
Epoch 1010 train_acc: 0.921225838341268, test_acc: 0.9171154296417701
Epoch 1015 train_acc: 0.921616067015271, test_acc: 0.916178880824163
Epoch 1020 train_acc: 0.9205234267280626, test_acc: 0.917063399151903
Epoch 1025 train_acc: 0.9207055334425973, test_acc: 0.9150342100470876
Epoch 1030 train_acc: 0.9211217773615339, test_acc: 0.9182861156637789
Epoch 1035 train_acc: 0.9207575639324644, test_acc: 0.9173755820911054
Epoch 1040 train_acc: 0.9198730456047244, test_acc: 0.9161268503342959
Epoch 1045 train_acc: 0.921720127995005, test_acc: 0.9176617497853742
Epoch 1050 train_acc: 0.9210437316267333, test_acc: 0.9170113686620359
Epoch 1055 train_acc: 0.921720127995005, test_acc: 0.9185462681131142
Epoch 1060 train_acc: 0.921668097505138, test_acc: 0.9177397955201748
Epoch 1065 train_acc: 0.9219542651994068, test_acc: 0.9160227893545618
Epoch 1070 train_acc: 0.9219282499544733, test_acc: 0.9163609875386977
Epoch 1075 train_acc: 0.9225266005879446, test_acc: 0.9172455058664377
Epoch 1080 train_acc: 0.921225838341268, test_acc: 0.9165430942532324
Epoch 1085 train_acc: 0.9226306615676787, test_acc: 0.9176097192955072
Epoch 1090 train_acc: 0.9224225396082104, test_acc: 0.9177918260100418
Epoch 1095 train_acc: 0.9207055334425973, test_acc: 0.9151382710268218
Epoch 1100 train_acc: 0.9210697468716668, test_acc: 0.9168292619475013
Epoch 1105 train_acc: 0.9224225396082104, test_acc: 0.9177137802752413
Epoch 1110 train_acc: 0.921616067015271, test_acc: 0.9192226644813861
Epoch 1115 train_acc: 0.9216941127500715, test_acc: 0.9162829418038971
Epoch 1120 train_acc: 0.9219022347095398, test_acc: 0.9178178412549755
Epoch 1125 train_acc: 0.9236452561200864, test_acc: 0.9183641613985796
Epoch 1130 train_acc: 0.9230208902416817, test_acc: 0.9186243138479149
Epoch 1135 train_acc: 0.9226566768126122, test_acc: 0.9177397955201748
Epoch 1140 train_acc: 0.9226306615676787, test_acc: 0.9190925882567185
Epoch 1145 train_acc: 0.9224485548531439, test_acc: 0.9186243138479149
Epoch 1150 train_acc: 0.9230208902416817, test_acc: 0.9187023595827155
Epoch 1155 train_acc: 0.9231509664663493, test_acc: 0.9179479174796431
Epoch 1160 train_acc: 0.9229168292619475, test_acc: 0.9181040089492443
Epoch 1165 train_acc: 0.9232550274460835, test_acc: 0.9186503290928484
Epoch 1170 train_acc: 0.9228387835271469, test_acc: 0.917505658315773
Epoch 1175 train_acc: 0.9234371341606181, test_acc: 0.9193267254611203
Epoch 1180 train_acc: 0.9237233018548869, test_acc: 0.9181560394391113
Epoch 1185 train_acc: 0.9236972866099534, test_acc: 0.9184942376232472
Epoch 1190 train_acc: 0.9226566768126122, test_acc: 0.9174015973360389
Epoch 1195 train_acc: 0.9234111189156846, test_acc: 0.9180779937043108
Epoch 1200 train_acc: 0.9231249512214158, test_acc: 0.9199250760945914
Epoch 1205 train_acc: 0.923333073180884, test_acc: 0.9190925882567185
Epoch 1210 train_acc: 0.9236452561200864, test_acc: 0.9189885272769843
Epoch 1215 train_acc: 0.9236452561200864, test_acc: 0.9188844662972502
Epoch 1220 train_acc: 0.9236972866099534, test_acc: 0.9190405577668513
Epoch 1225 train_acc: 0.9236972866099534, test_acc: 0.918780405317516
Epoch 1230 train_acc: 0.9234371341606181, test_acc: 0.9197689846249902
Epoch 1235 train_acc: 0.9227607377923464, test_acc: 0.9198210151148573
Epoch 1240 train_acc: 0.9235411951403523, test_acc: 0.9210697468716668
Epoch 1245 train_acc: 0.9231769817112828, test_acc: 0.9177658107651083
Epoch 1250 train_acc: 0.9235672103852858, test_acc: 0.9197429693800567
Epoch 1255 train_acc: 0.9235672103852858, test_acc: 0.9183641613985796
Epoch 1260 train_acc: 0.9230469054866152, test_acc: 0.920003121829392
Epoch 1265 train_acc: 0.9238533780795546, test_acc: 0.9198470303597909
Epoch 1270 train_acc: 0.9238533780795546, test_acc: 0.9196128931553891
Epoch 1275 train_acc: 0.9230729207315487, test_acc: 0.9185202528681807
Epoch 1280 train_acc: 0.9239054085694217, test_acc: 0.9199771065844585
Epoch 1285 train_acc: 0.9233851036707511, test_acc: 0.9188324358073832
Epoch 1290 train_acc: 0.9243476677332917, test_acc: 0.919560862665522
Epoch 1295 train_acc: 0.9232550274460835, test_acc: 0.9199510913395249
Epoch 1300 train_acc: 0.9233590884258175, test_acc: 0.9198210151148573
Epoch 1305 train_acc: 0.9239574390592887, test_acc: 0.9185722833580479
Epoch 1310 train_acc: 0.9238533780795546, test_acc: 0.9206274877077968
Epoch 1315 train_acc: 0.9233070579359505, test_acc: 0.9189625120320508
Epoch 1320 train_acc: 0.9227087073024792, test_acc: 0.919560862665522
Epoch 1325 train_acc: 0.9238793933244881, test_acc: 0.9193787559509873
Epoch 1330 train_acc: 0.9232029969562163, test_acc: 0.9190925882567185
Epoch 1335 train_acc: 0.9240615000390229, test_acc: 0.9202112437888603
Epoch 1340 train_acc: 0.9235672103852858, test_acc: 0.9193527407060538
Epoch 1345 train_acc: 0.9235672103852858, test_acc: 0.9195348474205884
Epoch 1350 train_acc: 0.9234371341606181, test_acc: 0.9193007102161866
Epoch 1355 train_acc: 0.9233070579359505, test_acc: 0.919066573011785
Epoch 1360 train_acc: 0.924607820182627, test_acc: 0.9199250760945914
Epoch 1365 train_acc: 0.9250500793464971, test_acc: 0.9197689846249902
Epoch 1370 train_acc: 0.9236972866099534, test_acc: 0.9168552771924348
Epoch 1375 train_acc: 0.9247639116522282, test_acc: 0.9196128931553891
Epoch 1380 train_acc: 0.9255443690002342, test_acc: 0.9209656858919326
Epoch 1385 train_acc: 0.9247639116522282, test_acc: 0.9208876401571321
Epoch 1390 train_acc: 0.9240875152839564, test_acc: 0.9194828169307214
Epoch 1395 train_acc: 0.9245818049376935, test_acc: 0.9190925882567185
Epoch 1400 train_acc: 0.9255443690002342, test_acc: 0.920341320013528
Epoch 1405 train_acc: 0.9243996982231588, test_acc: 0.9205234267280626
Epoch 1410 train_acc: 0.9251801555711647, test_acc: 0.9199250760945914
Epoch 1415 train_acc: 0.9251801555711647, test_acc: 0.9198470303597909
Epoch 1420 train_acc: 0.9246598506724941, test_acc: 0.9204713962381956
Epoch 1425 train_acc: 0.9250240641015636, test_acc: 0.9202892895236608
Epoch 1430 train_acc: 0.9250500793464971, test_acc: 0.918780405317516
Epoch 1435 train_acc: 0.9238793933244881, test_acc: 0.9201592132989932
Epoch 1440 train_acc: 0.9244517287130258, test_acc: 0.9194568016857879
Epoch 1445 train_acc: 0.9243996982231588, test_acc: 0.9198470303597909
Epoch 1450 train_acc: 0.9243996982231588, test_acc: 0.9198730456047244
Epoch 1455 train_acc: 0.9247118811623611, test_acc: 0.9205494419729962
Epoch 1460 train_acc: 0.9261947501235724, test_acc: 0.920445380993262
Epoch 1465 train_acc: 0.9240094695491559, test_acc: 0.9199771065844585
Epoch 1470 train_acc: 0.9252582013059653, test_acc: 0.9201071828091262
Epoch 1475 train_acc: 0.9251801555711647, test_acc: 0.9200291370743255
Epoch 1480 train_acc: 0.9248159421420953, test_acc: 0.9203673352584615
Epoch 1485 train_acc: 0.9240354847940894, test_acc: 0.9203673352584615
Epoch 1490 train_acc: 0.9252321860610317, test_acc: 0.9203153047685944
Epoch 1495 train_acc: 0.9251021098363641, test_acc: 0.9199510913395249
Epoch 1500 train_acc: 0.9253362470407659, test_acc: 0.9209136554020656
