/cliphomes/myuan/anaconda3/lib/python3.6/site-packages/h5py/__init__.py:36: FutureWarning: Conversion of the second argument of issubdtype from `float` to `np.floating` is deprecated. In future, it will be treated as `np.float64 == np.dtype(float).type`.
  from ._conv import register_converters as _register_converters
Using TensorFlow backend.
/cliphomes/myuan/anaconda3/lib/python3.6/site-packages/sklearn/utils/validation.py:475: DataConversionWarning: Data with input dtype uint8 was converted to float64 by MinMaxScaler.
  warnings.warn(msg, DataConversionWarning)
Epoch 5 train_acc: 0.8406566247821223, test_acc: 0.8390696948411769
Epoch 10 train_acc: 0.8465620853820339, test_acc: 0.8451052316657561
Epoch 15 train_acc: 0.8521813782876766, test_acc: 0.8506464788365983
Epoch 20 train_acc: 0.857540518743984, test_acc: 0.8555633601290357
Epoch 25 train_acc: 0.8605843024012071, test_acc: 0.8593355706443976
Epoch 30 train_acc: 0.8637061317932309, test_acc: 0.8636020708134967
Epoch 35 train_acc: 0.8674263118187258, test_acc: 0.8658914123676474
Epoch 40 train_acc: 0.8701058820468794, test_acc: 0.8649548635500404
Epoch 45 train_acc: 0.8732277114389032, test_acc: 0.863914253752699
Epoch 50 train_acc: 0.8717708577226254, test_acc: 0.8667239002055205
Epoch 55 train_acc: 0.8739561382970421, test_acc: 0.8766357085251958
Epoch 60 train_acc: 0.8795494159577513, test_acc: 0.8803298733057572
Epoch 65 train_acc: 0.8823070319207056, test_acc: 0.8810843154088296
Epoch 70 train_acc: 0.8829053825541767, test_acc: 0.8816046203075002
Epoch 75 train_acc: 0.884778480189391, test_acc: 0.8812664221233643
Epoch 80 train_acc: 0.8844142667603215, test_acc: 0.8812143916334972
Epoch 85 train_acc: 0.8852207393532611, test_acc: 0.8827753063295091
Epoch 90 train_acc: 0.8841801295559197, test_acc: 0.8791331720388147
Epoch 95 train_acc: 0.8868336845391399, test_acc: 0.8874060199276776
Epoch 100 train_acc: 0.8886547516844872, test_acc: 0.8871458674783423
Epoch 105 train_acc: 0.8922188402403809, test_acc: 0.8860792424360675
Epoch 110 train_acc: 0.8926090689143839, test_acc: 0.8866255625796717
Epoch 115 train_acc: 0.8927391451390515, test_acc: 0.8875100809074118
Epoch 120 train_acc: 0.8933374957725227, test_acc: 0.8848565259241916
Epoch 125 train_acc: 0.894039907385728, test_acc: 0.8811363458986966
Epoch 130 train_acc: 0.8937277244465257, test_acc: 0.8784827909154764
Epoch 135 train_acc: 0.8919847030359791, test_acc: 0.890163635890632
Epoch 140 train_acc: 0.894378105569864, test_acc: 0.883555763677515
Epoch 145 train_acc: 0.894378105569864, test_acc: 0.8891750565831578
Epoch 150 train_acc: 0.8912822914227737, test_acc: 0.8896173157470277
Epoch 155 train_acc: 0.8943000598350633, test_acc: 0.8911261999531725
Epoch 160 train_acc: 0.8979161788808242, test_acc: 0.891932672546112
Epoch 165 train_acc: 0.8984104685345613, test_acc: 0.891932672546112
Epoch 170 train_acc: 0.8976300111865553, test_acc: 0.8874840656624782
Epoch 175 train_acc: 0.8983584380446942, test_acc: 0.884830510679258
Epoch 180 train_acc: 0.89692759957335, test_acc: 0.8845443429849892
Epoch 185 train_acc: 0.8948463799786674, test_acc: 0.8788209890996124
Epoch 190 train_acc: 0.8944821665495981, test_acc: 0.8919586877910456
Epoch 195 train_acc: 0.8978641483909571, test_acc: 0.8962251879601446
Epoch 200 train_acc: 0.8996592002913707, test_acc: 0.8920887640157132
